WARNING: ../riscvssc/riscvssc-sim.v:183: $readmemh: The behaviour for reg[...] mem[N:0]; $readmemh("...", mem); changed in the 1364-2005 standard. To avoid ambiguity, use mem[0:N] or explicit range parameters $readmemh("...", mem, start, stop);. Defaulting to 1364-2005 behavior.
/{ xxxxxxxx |        | -- |        |        |        |        |        }\
\{ xxxxxxxx |        | -- |        |        |        |        |        }/
/{ xxxxxxxx |        | -- |        |        |        |        |        }\
\{ xxxxxxxx |        | -- |        |        |        |        |        }/
/{ xxxxxxxx |        | -- |        |        |        |        |        }\
\{ xxxxxxxx |        | -- |        |        |        |        |        }/
/{ 00080000 |  (-_-) | -- |  (-_-) |  (-_-) |  (-_-) |  (-_-) |  (-_-) }\
\{ 00080004 |  (-_-) | -- |  (-_-) |  (-_-) |  (-_-) |  (-_-) |  (-_-) }/
/{ 00080000 |  (-_-) | -- |  (-_-) |  (-_-) |  (-_-) |  (-_-) |  (-_-) }\
\{ 00080004 |  (-_-) | -- |  (-_-) |  (-_-) |  (-_-) |  (-_-) |  (-_-) }/
/{ 00080008 | addi   | -- |  (-_-) |  (-_-) |  (-_-) |  (-_-) |  (-_-) }\
\{ 0008000c | addi   | -- |  (-_-) |  (-_-) |  (-_-) |  (-_-) |  (-_-) }/
/{ 00080010 | div    | -- | addi   |  (-_-) |  (-_-) |  (-_-) |  (-_-) }\
\{ 00080014 | addi   | -- | addi   |  (-_-) |  (-_-) |  (-_-) |  (-_-) }/
/{-00080018-|#addi   | \/ | div    | addi   |  (-_-) |  (-_-) |  (-_-) }\
\{-0008001c-|#bne    | /\ | addi   | addi   |  (-_-) |  (-_-) |  (-_-) }/
/{-00080014-|#addi   | \/ |  (-_-) | div    | addi   |  (-_-) |  (-_-) }\
\{-00080018-|#bne    | /\ |  (-_-) | addi   | addi   |  (-_-) |  (-_-) }/
/{-00080014-|#addi   | \/ |  (-_-) |  (-_-) | div    | addi   |  (-_-) }\
\{-00080018-|#bne    | /\ |  (-_-) |  (-_-) | addi   | addi   |  (-_-) }/
/{-00080014-|#addi   | \/ |  (-_-) |  (-_-) |  (-_-) | div    | addi   }\
\{-00080018-|#bne    | /\ |  (-_-) |  (-_-) |  (-_-) | addi   | addi   }/
/{-00080014-| addi   | \/ |  (-_-) |  (-_-) |  (-_-) |  (-_-) | div    }\
\{-00080018-| bne    | /\ |  (-_-) |  (-_-) |  (-_-) |  (-_-) | addi   }/
/{ 00080014 |  (-_-) | -- | undef  |  (-_-) |  (-_-) |  (-_-) |  (-_-) }\
\{ 00080018 |  (-_-) | -- | addi   |  (-_-) |  (-_-) |  (-_-) |  (-_-) }/
/{ 0008001c | bne    | -- |  (-_-) | undef  |  (-_-) |  (-_-) |  (-_-) }\
\{ 00080020 | addi   | -- |  (-_-) | addi   |  (-_-) |  (-_-) |  (-_-) }/
/{-00080024-| addi   | \/ | bne    |  (-_-) | undef  |  (-_-) |  (-_-) }\
\{-00080028-| div    | /\ | addi   |  (-_-) | addi   |  (-_-) |  (-_-) }/
/{ 00080020 |  (-_-) | -- | undef  | bne    |  (-_-) | undef  |  (-_-) }\
\{ 00080024 |  (-_-) | -- | addi   | addi   |  (-_-) | addi   |  (-_-) }/
/{ 00080028 | div    | -- |  (-_-) | undef  | bne    |  (-_-) | undef  }\
\{ 0008002c | addi   | -- |  (-_-) | addi   | addi   |  (-_-) | addi   }/
/{-00080030-|#addi   | \/ | div    |  (-_-) | undef  | bne    |  (-_-) }\
\{-00080034-|#bne    | /\ | addi   |  (-_-) | addi   | addi   |  (-_-) }/
/{-0008002c-|#addi   | \/ |  (-_-) | div    |  (-_-) | undef  | bne    }\
\{-00080030-|#bne    | /\ |  (-_-) | addi   |  (-_-) | addi   | addi   }/
/{-0008002c-|#addi   | \/ |  (-_-) |  (-_-) | div    |  (-_-) | undef  }\
\{-00080030-|#bne    | /\ |  (-_-) |  (-_-) | addi   |  (-_-) | addi   }/
/{-0008002c-|#addi   | \/ |  (-_-) |  (-_-) |  (-_-) | div    |  (-_-) }\
\{-00080030-|#bne    | /\ |  (-_-) |  (-_-) |  (-_-) | addi   |  (-_-) }/
/{-0008002c-| addi   | \/ |  (-_-) |  (-_-) |  (-_-) |  (-_-) | div    }\
\{-00080030-| bne    | /\ |  (-_-) |  (-_-) |  (-_-) |  (-_-) | addi   }/
/{ 0008002c |  (-_-) | -- | undef  |  (-_-) |  (-_-) |  (-_-) |  (-_-) }\
\{ 00080030 |  (-_-) | -- | addi   |  (-_-) |  (-_-) |  (-_-) |  (-_-) }/
/{ 00080034 | bne    | -- |  (-_-) | undef  |  (-_-) |  (-_-) |  (-_-) }\
\{ 00080038 | addi   | -- |  (-_-) | addi   |  (-_-) |  (-_-) |  (-_-) }/
/{-0008003c-| addi   | \/ | bne    |  (-_-) | undef  |  (-_-) |  (-_-) }\
\{-00080040-| div    | /\ | addi   |  (-_-) | addi   |  (-_-) |  (-_-) }/
/{ 00080038 |  (-_-) | -- | undef  | bne    |  (-_-) | undef  |  (-_-) }\
\{ 0008003c |  (-_-) | -- | addi   | addi   |  (-_-) | addi   |  (-_-) }/
/{ 00080040 | div    | -- |  (-_-) | undef  | bne    |  (-_-) | undef  }\
\{ 00080044 | addi   | -- |  (-_-) | addi   | addi   |  (-_-) | addi   }/
/{-00080048-|#addi   | \/ | div    |  (-_-) | undef  | bne    |  (-_-) }\
\{-0008004c-|#bne    | /\ | addi   |  (-_-) | addi   | addi   |  (-_-) }/
/{-00080044-|#addi   | \/ |  (-_-) | div    |  (-_-) | undef  | bne    }\
\{-00080048-|#bne    | /\ |  (-_-) | addi   |  (-_-) | addi   | addi   }/
/{-00080044-|#addi   | \/ |  (-_-) |  (-_-) | div    |  (-_-) | undef  }\
\{-00080048-|#bne    | /\ |  (-_-) |  (-_-) | addi   |  (-_-) | addi   }/
/{-00080044-|#addi   | \/ |  (-_-) |  (-_-) |  (-_-) | div    |  (-_-) }\
\{-00080048-|#bne    | /\ |  (-_-) |  (-_-) |  (-_-) | addi   |  (-_-) }/
/{-00080044-| addi   | \/ |  (-_-) |  (-_-) |  (-_-) |  (-_-) | div    }\
\{-00080048-| bne    | /\ |  (-_-) |  (-_-) |  (-_-) |  (-_-) | addi   }/
/{ 00080044 |  (-_-) | -- | undef  |  (-_-) |  (-_-) |  (-_-) |  (-_-) }\
\{ 00080048 |  (-_-) | -- | addi   |  (-_-) |  (-_-) |  (-_-) |  (-_-) }/
/{ 0008004c | bne    | -- |  (-_-) | undef  |  (-_-) |  (-_-) |  (-_-) }\
\{ 00080050 | addi   | -- |  (-_-) | addi   |  (-_-) |  (-_-) |  (-_-) }/
/{-00080054-| addi   | \/ | bne    |  (-_-) | undef  |  (-_-) |  (-_-) }\
\{-00080058-| div    | /\ | addi   |  (-_-) | addi   |  (-_-) |  (-_-) }/
/{ 00080050 |  (-_-) | -- | undef  | bne    |  (-_-) | undef  |  (-_-) }\
\{ 00080054 |  (-_-) | -- | addi   | addi   |  (-_-) | addi   |  (-_-) }/
/{ 00080058 | div    | -- |  (-_-) | undef  | bne    |  (-_-) | undef  }\
\{ 0008005c | addi   | -- |  (-_-) | addi   | addi   |  (-_-) | addi   }/
/{-00080060-|#addi   | \/ | div    |  (-_-) | undef  | bne    |  (-_-) }\
\{-00080064-|#bne    | /\ | addi   |  (-_-) | addi   | addi   |  (-_-) }/
/{-0008005c-|#addi   | \/ |  (-_-) | div    |  (-_-) | undef  | bne    }\
\{-00080060-|#bne    | /\ |  (-_-) | addi   |  (-_-) | addi   | addi   }/
/{-0008005c-|#addi   | \/ |  (-_-) |  (-_-) | div    |  (-_-) | undef  }\
\{-00080060-|#bne    | /\ |  (-_-) |  (-_-) | addi   |  (-_-) | addi   }/
/{-0008005c-|#addi   | \/ |  (-_-) |  (-_-) |  (-_-) | div    |  (-_-) }\
\{-00080060-|#bne    | /\ |  (-_-) |  (-_-) |  (-_-) | addi   |  (-_-) }/
/{-0008005c-| addi   | \/ |  (-_-) |  (-_-) |  (-_-) |  (-_-) | div    }\
\{-00080060-| bne    | /\ |  (-_-) |  (-_-) |  (-_-) |  (-_-) | addi   }/
/{ 0008005c |  (-_-) | -- | undef  |  (-_-) |  (-_-) |  (-_-) |  (-_-) }\
\{ 00080060 |  (-_-) | -- | addi   |  (-_-) |  (-_-) |  (-_-) |  (-_-) }/
/{ 00080064 | bne    | -- |  (-_-) | undef  |  (-_-) |  (-_-) |  (-_-) }\
\{ 00080068 | addi   | -- |  (-_-) | addi   |  (-_-) |  (-_-) |  (-_-) }/
/{-0008006c-| addi   | \/ | bne    |  (-_-) | undef  |  (-_-) |  (-_-) }\
\{-00080070-| div    | /\ | addi   |  (-_-) | addi   |  (-_-) |  (-_-) }/
/{ 00080068 |  (-_-) | -- | undef  | bne    |  (-_-) | undef  |  (-_-) }\
\{ 0008006c |  (-_-) | -- | addi   | addi   |  (-_-) | addi   |  (-_-) }/
/{ 00080070 | div    | -- |  (-_-) | undef  | bne    |  (-_-) | undef  }\
\{ 00080074 | addi   | -- |  (-_-) | addi   | addi   |  (-_-) | addi   }/
/{-00080078-|#addi   | \/ | div    |  (-_-) | undef  | bne    |  (-_-) }\
\{-0008007c-|#bne    | /\ | addi   |  (-_-) | addi   | addi   |  (-_-) }/
/{-00080074-|#addi   | \/ |  (-_-) | div    |  (-_-) | undef  | bne    }\
\{-00080078-|#bne    | /\ |  (-_-) | addi   |  (-_-) | addi   | addi   }/
/{-00080074-|#addi   | \/ |  (-_-) |  (-_-) | div    |  (-_-) | undef  }\
\{-00080078-|#bne    | /\ |  (-_-) |  (-_-) | addi   |  (-_-) | addi   }/
/{-00080074-|#addi   | \/ |  (-_-) |  (-_-) |  (-_-) | div    |  (-_-) }\
\{-00080078-|#bne    | /\ |  (-_-) |  (-_-) |  (-_-) | addi   |  (-_-) }/
/{-00080074-| addi   | \/ |  (-_-) |  (-_-) |  (-_-) |  (-_-) | div    }\
\{-00080078-| bne    | /\ |  (-_-) |  (-_-) |  (-_-) |  (-_-) | addi   }/
/{ 00080074 |  (-_-) | -- | undef  |  (-_-) |  (-_-) |  (-_-) |  (-_-) }\
\{ 00080078 |  (-_-) | -- | addi   |  (-_-) |  (-_-) |  (-_-) |  (-_-) }/
/{ 0008007c | bne    | -- |  (-_-) | undef  |  (-_-) |  (-_-) |  (-_-) }\
\{ 00080080 | lui    | -- |  (-_-) | addi   |  (-_-) |  (-_-) |  (-_-) }/
/{ 00080084 | addi   | -- | bne    |  (-_-) | undef  |  (-_-) |  (-_-) }\
\{ 00080088 | addi   | -- | lui    |  (-_-) | addi   |  (-_-) |  (-_-) }/
/{ 0008008c | div    | -- | addi   | bne    |  (-_-) | undef  |  (-_-) }\
\{ 00080090 | addi   | -- | addi   | lui    |  (-_-) | addi   |  (-_-) }/
/{-00080094-|#addi   | \/ | div    | addi   | bne    |  (-_-) | undef  }\
\{-00080098-|#bne    | /\ | addi   | addi   | lui    |  (-_-) | addi   }/
/{-00080090-|#addi   | \/ |  (-_-) | div    | addi   | bne    |  (-_-) }\
\{-00080094-|#bne    | /\ |  (-_-) | addi   | addi   | lui    |  (-_-) }/
/{-00080090-|#addi   | \/ |  (-_-) |  (-_-) | div    | addi   | bne    }\
\{-00080094-|#bne    | /\ |  (-_-) |  (-_-) | addi   | addi   | lui    }/
/{-00080090-|#addi   | \/ |  (-_-) |  (-_-) |  (-_-) | div    | addi   }\
\{-00080094-|#bne    | /\ |  (-_-) |  (-_-) |  (-_-) | addi   | addi   }/
/{-00080090-| addi   | \/ |  (-_-) |  (-_-) |  (-_-) |  (-_-) | div    }\
\{-00080094-| bne    | /\ |  (-_-) |  (-_-) |  (-_-) |  (-_-) | addi   }/
/{ 00080090 |  (-_-) | -- | undef  |  (-_-) |  (-_-) |  (-_-) |  (-_-) }\
\{ 00080094 |  (-_-) | -- | addi   |  (-_-) |  (-_-) |  (-_-) |  (-_-) }/
/{ 00080098 | bne    | -- |  (-_-) | undef  |  (-_-) |  (-_-) |  (-_-) }\
\{ 0008009c | lui    | -- |  (-_-) | addi   |  (-_-) |  (-_-) |  (-_-) }/
/{ 000800a0 | addi   | -- | bne    |  (-_-) | undef  |  (-_-) |  (-_-) }\
\{ 000800a4 | lui    | -- | lui    |  (-_-) | addi   |  (-_-) |  (-_-) }/
/{-000800a8-| addi   | \/ | addi   | bne    |  (-_-) | undef  |  (-_-) }\
\{-000800ac-| div    | /\ | lui    | lui    |  (-_-) | addi   |  (-_-) }/
/{ 000800a4 |  (-_-) | -- | undef  | addi   | bne    |  (-_-) | undef  }\
\{ 000800a8 |  (-_-) | -- | addi   | lui    | lui    |  (-_-) | addi   }/
/{ 000800ac | div    | -- |  (-_-) | undef  | addi   | bne    |  (-_-) }\
\{ 000800b0 | addi   | -- |  (-_-) | addi   | lui    | lui    |  (-_-) }/
/{-000800b4-| lui    | -- | div    |  (-_-) | undef  | addi   | bne    }\
\{-000800b8-| addi   | -- | addi   |  (-_-) | addi   | lui    | lui    }/
/{#000800b0 |  (-_-) | -- | lui    | div    |  (-_-) | undef  | addi   }\
\{#000800b4 |  (-_-) | -- | undef  | addi   |  (-_-) | addi   | lui    }/
/{#000800b0 |  (-_-) | -- |  (-_-) | lui    | div    |  (-_-) | undef  }\
\{#000800b4 |  (-_-) | -- |  (-_-) | undef  | addi   |  (-_-) | addi   }/
/{#000800b0 |  (-_-) | -- |  (-_-) |  (-_-) | lui    | div    |  (-_-) }\
\{#000800b4 |  (-_-) | -- |  (-_-) |  (-_-) | undef  | addi   |  (-_-) }/
/{ 000800b0 |  (-_-) | -- |  (-_-) |  (-_-) |  (-_-) | lui    | div    }\
\{ 000800b4 |  (-_-) | -- |  (-_-) |  (-_-) |  (-_-) | undef  | addi   }/
/{ 000800b8 | addi   | -- |  (-_-) |  (-_-) |  (-_-) |  (-_-) | lui    }\
\{ 000800bc | addi   | -- |  (-_-) |  (-_-) |  (-_-) |  (-_-) | undef  }/
/{ 000800c0 | addi   | -- | addi   |  (-_-) |  (-_-) |  (-_-) |  (-_-) }\
\{ 000800c4 | addi   | -- | addi   |  (-_-) |  (-_-) |  (-_-) |  (-_-) }/
/{ 000800c8 | div    | -- | addi   | addi   |  (-_-) |  (-_-) |  (-_-) }\
\{ 000800cc | addi   | -- | addi   | addi   |  (-_-) |  (-_-) |  (-_-) }/
/{-000800d0-|#addi   | \/ | div    | addi   | addi   |  (-_-) |  (-_-) }\
\{-000800d4-|#bne    | /\ | addi   | addi   | addi   |  (-_-) |  (-_-) }/
/{-000800cc-|#addi   | \/ |  (-_-) | div    | addi   | addi   |  (-_-) }\
\{-000800d0-|#bne    | /\ |  (-_-) | addi   | addi   | addi   |  (-_-) }/
/{-000800cc-|#addi   | \/ |  (-_-) |  (-_-) | div    | addi   | addi   }\
\{-000800d0-|#bne    | /\ |  (-_-) |  (-_-) | addi   | addi   | addi   }/
/{-000800cc-|#addi   | \/ |  (-_-) |  (-_-) |  (-_-) | div    | addi   }\
\{-000800d0-|#bne    | /\ |  (-_-) |  (-_-) |  (-_-) | addi   | addi   }/
/{-000800cc-| addi   | \/ |  (-_-) |  (-_-) |  (-_-) |  (-_-) | div    }\
\{-000800d0-| bne    | /\ |  (-_-) |  (-_-) |  (-_-) |  (-_-) | addi   }/
/{ 000800cc |  (-_-) | -- | undef  |  (-_-) |  (-_-) |  (-_-) |  (-_-) }\
\{ 000800d0 |  (-_-) | -- | addi   |  (-_-) |  (-_-) |  (-_-) |  (-_-) }/
/{ 000800d4 | bne    | -- |  (-_-) | undef  |  (-_-) |  (-_-) |  (-_-) }\
\{ 000800d8 | lui    | -- |  (-_-) | addi   |  (-_-) |  (-_-) |  (-_-) }/
/{ 000800dc | addi   | -- | bne    |  (-_-) | undef  |  (-_-) |  (-_-) }\
\{ 000800e0 | addi   | -- | lui    |  (-_-) | addi   |  (-_-) |  (-_-) }/
/{ 000800e4 | div    | -- | addi   | bne    |  (-_-) | undef  |  (-_-) }\
\{ 000800e8 | addi   | -- | addi   | lui    |  (-_-) | addi   |  (-_-) }/
/{-000800ec-|#addi   | \/ | div    | addi   | bne    |  (-_-) | undef  }\
\{-000800f0-|#bne    | /\ | addi   | addi   | lui    |  (-_-) | addi   }/
/{-000800e8-|#addi   | \/ |  (-_-) | div    | addi   | bne    |  (-_-) }\
\{-000800ec-|#bne    | /\ |  (-_-) | addi   | addi   | lui    |  (-_-) }/
/{-000800e8-|#addi   | \/ |  (-_-) |  (-_-) | div    | addi   | bne    }\
\{-000800ec-|#bne    | /\ |  (-_-) |  (-_-) | addi   | addi   | lui    }/
/{-000800e8-|#addi   | \/ |  (-_-) |  (-_-) |  (-_-) | div    | addi   }\
\{-000800ec-|#bne    | /\ |  (-_-) |  (-_-) |  (-_-) | addi   | addi   }/
/{-000800e8-| addi   | \/ |  (-_-) |  (-_-) |  (-_-) |  (-_-) | div    }\
\{-000800ec-| bne    | /\ |  (-_-) |  (-_-) |  (-_-) |  (-_-) | addi   }/
/{ 000800e8 |  (-_-) | -- | undef  |  (-_-) |  (-_-) |  (-_-) |  (-_-) }\
\{ 000800ec |  (-_-) | -- | addi   |  (-_-) |  (-_-) |  (-_-) |  (-_-) }/
/{ 000800f0 | bne    | -- |  (-_-) | undef  |  (-_-) |  (-_-) |  (-_-) }\
\{ 000800f4 | lui    | -- |  (-_-) | addi   |  (-_-) |  (-_-) |  (-_-) }/
/{ 000800f8 | addi   | -- | bne    |  (-_-) | undef  |  (-_-) |  (-_-) }\
\{ 000800fc | lui    | -- | lui    |  (-_-) | addi   |  (-_-) |  (-_-) }/
/{-00080100-| addi   | \/ | addi   | bne    |  (-_-) | undef  |  (-_-) }\
\{-00080104-| div    | /\ | lui    | lui    |  (-_-) | addi   |  (-_-) }/
/{ 000800fc |  (-_-) | -- | undef  | addi   | bne    |  (-_-) | undef  }\
\{ 00080100 |  (-_-) | -- | addi   | lui    | lui    |  (-_-) | addi   }/
/{ 00080104 | div    | -- |  (-_-) | undef  | addi   | bne    |  (-_-) }\
\{ 00080108 | addi   | -- |  (-_-) | addi   | lui    | lui    |  (-_-) }/
/{-0008010c-| lui    | -- | div    |  (-_-) | undef  | addi   | bne    }\
\{-00080110-| addi   | -- | addi   |  (-_-) | addi   | lui    | lui    }/
/{#00080108 |  (-_-) | -- | lui    | div    |  (-_-) | undef  | addi   }\
\{#0008010c |  (-_-) | -- | undef  | addi   |  (-_-) | addi   | lui    }/
/{#00080108 |  (-_-) | -- |  (-_-) | lui    | div    |  (-_-) | undef  }\
\{#0008010c |  (-_-) | -- |  (-_-) | undef  | addi   |  (-_-) | addi   }/
/{#00080108 |  (-_-) | -- |  (-_-) |  (-_-) | lui    | div    |  (-_-) }\
\{#0008010c |  (-_-) | -- |  (-_-) |  (-_-) | undef  | addi   |  (-_-) }/
/{ 00080108 |  (-_-) | -- |  (-_-) |  (-_-) |  (-_-) | lui    | div    }\
\{ 0008010c |  (-_-) | -- |  (-_-) |  (-_-) |  (-_-) | undef  | addi   }/
/{ 00080110 | addi   | -- |  (-_-) |  (-_-) |  (-_-) |  (-_-) | lui    }\
\{ 00080114 | addi   | -- |  (-_-) |  (-_-) |  (-_-) |  (-_-) | undef  }/
/{ 00080118 | addi   | -- | addi   |  (-_-) |  (-_-) |  (-_-) |  (-_-) }\
\{ 0008011c | addi   | -- | addi   |  (-_-) |  (-_-) |  (-_-) |  (-_-) }/
/{ 00080120 | div    | -- | addi   | addi   |  (-_-) |  (-_-) |  (-_-) }\
\{ 00080124 | addi   | -- | addi   | addi   |  (-_-) |  (-_-) |  (-_-) }/
/{-00080128-|#addi   | \/ | div    | addi   | addi   |  (-_-) |  (-_-) }\
\{-0008012c-|#bne    | /\ | addi   | addi   | addi   |  (-_-) |  (-_-) }/
/{-00080124-|#addi   | \/ |  (-_-) | div    | addi   | addi   |  (-_-) }\
\{-00080128-|#bne    | /\ |  (-_-) | addi   | addi   | addi   |  (-_-) }/
/{-00080124-|#addi   | \/ |  (-_-) |  (-_-) | div    | addi   | addi   }\
\{-00080128-|#bne    | /\ |  (-_-) |  (-_-) | addi   | addi   | addi   }/
/{-00080124-|#addi   | \/ |  (-_-) |  (-_-) |  (-_-) | div    | addi   }\
\{-00080128-|#bne    | /\ |  (-_-) |  (-_-) |  (-_-) | addi   | addi   }/
/{-00080124-| addi   | \/ |  (-_-) |  (-_-) |  (-_-) |  (-_-) | div    }\
\{-00080128-| bne    | /\ |  (-_-) |  (-_-) |  (-_-) |  (-_-) | addi   }/
/{ 00080124 |  (-_-) | -- | undef  |  (-_-) |  (-_-) |  (-_-) |  (-_-) }\
\{ 00080128 |  (-_-) | -- | addi   |  (-_-) |  (-_-) |  (-_-) |  (-_-) }/
/{ 0008012c | bne    | -- |  (-_-) | undef  |  (-_-) |  (-_-) |  (-_-) }\
\{ 00080130 | addi   | -- |  (-_-) | addi   |  (-_-) |  (-_-) |  (-_-) }/
/{-00080134-| addi   | \/ | bne    |  (-_-) | undef  |  (-_-) |  (-_-) }\
\{-00080138-| div    | /\ | addi   |  (-_-) | addi   |  (-_-) |  (-_-) }/
/{ 00080130 |  (-_-) | -- | undef  | bne    |  (-_-) | undef  |  (-_-) }\
\{ 00080134 |  (-_-) | -- | addi   | addi   |  (-_-) | addi   |  (-_-) }/
/{ 00080138 | div    | -- |  (-_-) | undef  | bne    |  (-_-) | undef  }\
\{ 0008013c | addi   | -- |  (-_-) | addi   | addi   |  (-_-) | addi   }/
/{-00080140-|#addi   | \/ | div    |  (-_-) | undef  | bne    |  (-_-) }\
\{-00080144-|#bne    | /\ | addi   |  (-_-) | addi   | addi   |  (-_-) }/
/{-0008013c-|#addi   | \/ |  (-_-) | div    |  (-_-) | undef  | bne    }\
\{-00080140-|#bne    | /\ |  (-_-) | addi   |  (-_-) | addi   | addi   }/
/{-0008013c-|#addi   | \/ |  (-_-) |  (-_-) | div    |  (-_-) | undef  }\
\{-00080140-|#bne    | /\ |  (-_-) |  (-_-) | addi   |  (-_-) | addi   }/
/{-0008013c-|#addi   | \/ |  (-_-) |  (-_-) |  (-_-) | div    |  (-_-) }\
\{-00080140-|#bne    | /\ |  (-_-) |  (-_-) |  (-_-) | addi   |  (-_-) }/
/{-0008013c-| addi   | \/ |  (-_-) |  (-_-) |  (-_-) |  (-_-) | div    }\
\{-00080140-| bne    | /\ |  (-_-) |  (-_-) |  (-_-) |  (-_-) | addi   }/
/{ 0008013c |  (-_-) | -- | undef  |  (-_-) |  (-_-) |  (-_-) |  (-_-) }\
\{ 00080140 |  (-_-) | -- | addi   |  (-_-) |  (-_-) |  (-_-) |  (-_-) }/
/{ 00080144 | bne    | -- |  (-_-) | undef  |  (-_-) |  (-_-) |  (-_-) }\
\{ 00080148 | lui    | -- |  (-_-) | addi   |  (-_-) |  (-_-) |  (-_-) }/
/{ 0008014c | addi   | -- | bne    |  (-_-) | undef  |  (-_-) |  (-_-) }\
\{ 00080150 | addi   | -- | lui    |  (-_-) | addi   |  (-_-) |  (-_-) }/
/{ 00080154 | div    | -- | addi   | bne    |  (-_-) | undef  |  (-_-) }\
\{ 00080158 | addi   | -- | addi   | lui    |  (-_-) | addi   |  (-_-) }/
/{-0008015c-|#addi   | \/ | div    | addi   | bne    |  (-_-) | undef  }\
\{-00080160-|#bne    | /\ | addi   | addi   | lui    |  (-_-) | addi   }/
/{-00080158-|#addi   | \/ |  (-_-) | div    | addi   | bne    |  (-_-) }\
\{-0008015c-|#bne    | /\ |  (-_-) | addi   | addi   | lui    |  (-_-) }/
/{-00080158-|#addi   | \/ |  (-_-) |  (-_-) | div    | addi   | bne    }\
\{-0008015c-|#bne    | /\ |  (-_-) |  (-_-) | addi   | addi   | lui    }/
/{-00080158-|#addi   | \/ |  (-_-) |  (-_-) |  (-_-) | div    | addi   }\
\{-0008015c-|#bne    | /\ |  (-_-) |  (-_-) |  (-_-) | addi   | addi   }/
/{-00080158-| addi   | \/ |  (-_-) |  (-_-) |  (-_-) |  (-_-) | div    }\
\{-0008015c-| bne    | /\ |  (-_-) |  (-_-) |  (-_-) |  (-_-) | addi   }/
/{ 00080158 |  (-_-) | -- | undef  |  (-_-) |  (-_-) |  (-_-) |  (-_-) }\
\{ 0008015c |  (-_-) | -- | addi   |  (-_-) |  (-_-) |  (-_-) |  (-_-) }/
/{ 00080160 | bne    | -- |  (-_-) | undef  |  (-_-) |  (-_-) |  (-_-) }\
\{ 00080164 | lui    | -- |  (-_-) | addi   |  (-_-) |  (-_-) |  (-_-) }/
/{ 00080168 | addi   | -- | bne    |  (-_-) | undef  |  (-_-) |  (-_-) }\
\{ 0008016c | lui    | -- | lui    |  (-_-) | addi   |  (-_-) |  (-_-) }/
/{-00080170-| addi   | \/ | addi   | bne    |  (-_-) | undef  |  (-_-) }\
\{-00080174-| div    | /\ | lui    | lui    |  (-_-) | addi   |  (-_-) }/
/{ 0008016c |  (-_-) | -- | undef  | addi   | bne    |  (-_-) | undef  }\
\{ 00080170 |  (-_-) | -- | addi   | lui    | lui    |  (-_-) | addi   }/
/{ 00080174 | div    | -- |  (-_-) | undef  | addi   | bne    |  (-_-) }\
\{ 00080178 | addi   | -- |  (-_-) | addi   | lui    | lui    |  (-_-) }/
/{-0008017c-| lui    | -- | div    |  (-_-) | undef  | addi   | bne    }\
\{-00080180-| addi   | -- | addi   |  (-_-) | addi   | lui    | lui    }/
/{#00080178 |  (-_-) | -- | lui    | div    |  (-_-) | undef  | addi   }\
\{#0008017c |  (-_-) | -- | undef  | addi   |  (-_-) | addi   | lui    }/
/{#00080178 |  (-_-) | -- |  (-_-) | lui    | div    |  (-_-) | undef  }\
\{#0008017c |  (-_-) | -- |  (-_-) | undef  | addi   |  (-_-) | addi   }/
/{#00080178 |  (-_-) | -- |  (-_-) |  (-_-) | lui    | div    |  (-_-) }\
\{#0008017c |  (-_-) | -- |  (-_-) |  (-_-) | undef  | addi   |  (-_-) }/
/{ 00080178 |  (-_-) | -- |  (-_-) |  (-_-) |  (-_-) | lui    | div    }\
\{ 0008017c |  (-_-) | -- |  (-_-) |  (-_-) |  (-_-) | undef  | addi   }/
/{ 00080180 | addi   | -- |  (-_-) |  (-_-) |  (-_-) |  (-_-) | lui    }\
\{ 00080184 | addi   | -- |  (-_-) |  (-_-) |  (-_-) |  (-_-) | undef  }/
/{ 00080188 | addi   | -- | addi   |  (-_-) |  (-_-) |  (-_-) |  (-_-) }\
\{ 0008018c | addi   | -- | addi   |  (-_-) |  (-_-) |  (-_-) |  (-_-) }/
/{ 00080190 | div    | -- | addi   | addi   |  (-_-) |  (-_-) |  (-_-) }\
\{ 00080194 | addi   | -- | addi   | addi   |  (-_-) |  (-_-) |  (-_-) }/
/{-00080198-|#addi   | \/ | div    | addi   | addi   |  (-_-) |  (-_-) }\
\{-0008019c-|#bne    | /\ | addi   | addi   | addi   |  (-_-) |  (-_-) }/
/{-00080194-|#addi   | \/ |  (-_-) | div    | addi   | addi   |  (-_-) }\
\{-00080198-|#bne    | /\ |  (-_-) | addi   | addi   | addi   |  (-_-) }/
/{-00080194-|#addi   | \/ |  (-_-) |  (-_-) | div    | addi   | addi   }\
\{-00080198-|#bne    | /\ |  (-_-) |  (-_-) | addi   | addi   | addi   }/
/{-00080194-|#addi   | \/ |  (-_-) |  (-_-) |  (-_-) | div    | addi   }\
\{-00080198-|#bne    | /\ |  (-_-) |  (-_-) |  (-_-) | addi   | addi   }/
/{-00080194-| addi   | \/ |  (-_-) |  (-_-) |  (-_-) |  (-_-) | div    }\
\{-00080198-| bne    | /\ |  (-_-) |  (-_-) |  (-_-) |  (-_-) | addi   }/
/{ 00080194 |  (-_-) | -- | undef  |  (-_-) |  (-_-) |  (-_-) |  (-_-) }\
\{ 00080198 |  (-_-) | -- | addi   |  (-_-) |  (-_-) |  (-_-) |  (-_-) }/
/{ 0008019c | bne    | -- |  (-_-) | undef  |  (-_-) |  (-_-) |  (-_-) }\
\{ 000801a0 | addi   | -- |  (-_-) | addi   |  (-_-) |  (-_-) |  (-_-) }/
/{-000801a4-| addi   | \/ | bne    |  (-_-) | undef  |  (-_-) |  (-_-) }\
\{-000801a8-| div    | /\ | addi   |  (-_-) | addi   |  (-_-) |  (-_-) }/
/{ 000801a0 |  (-_-) | -- | undef  | bne    |  (-_-) | undef  |  (-_-) }\
\{ 000801a4 |  (-_-) | -- | addi   | addi   |  (-_-) | addi   |  (-_-) }/
/{ 000801a8 | div    | -- |  (-_-) | undef  | bne    |  (-_-) | undef  }\
\{ 000801ac | addi   | -- |  (-_-) | addi   | addi   |  (-_-) | addi   }/
/{-000801b0-|#addi   | \/ | div    |  (-_-) | undef  | bne    |  (-_-) }\
\{-000801b4-|#bne    | /\ | addi   |  (-_-) | addi   | addi   |  (-_-) }/
/{-000801ac-|#addi   | \/ |  (-_-) | div    |  (-_-) | undef  | bne    }\
\{-000801b0-|#bne    | /\ |  (-_-) | addi   |  (-_-) | addi   | addi   }/
/{-000801ac-|#addi   | \/ |  (-_-) |  (-_-) | div    |  (-_-) | undef  }\
\{-000801b0-|#bne    | /\ |  (-_-) |  (-_-) | addi   |  (-_-) | addi   }/
/{-000801ac-|#addi   | \/ |  (-_-) |  (-_-) |  (-_-) | div    |  (-_-) }\
\{-000801b0-|#bne    | /\ |  (-_-) |  (-_-) |  (-_-) | addi   |  (-_-) }/
/{-000801ac-| addi   | \/ |  (-_-) |  (-_-) |  (-_-) |  (-_-) | div    }\
\{-000801b0-| bne    | /\ |  (-_-) |  (-_-) |  (-_-) |  (-_-) | addi   }/
/{ 000801ac |  (-_-) | -- | undef  |  (-_-) |  (-_-) |  (-_-) |  (-_-) }\
\{ 000801b0 |  (-_-) | -- | addi   |  (-_-) |  (-_-) |  (-_-) |  (-_-) }/
/{ 000801b4 | bne    | -- |  (-_-) | undef  |  (-_-) |  (-_-) |  (-_-) }\
\{ 000801b8 | lui    | -- |  (-_-) | addi   |  (-_-) |  (-_-) |  (-_-) }/
/{ 000801bc | addi   | -- | bne    |  (-_-) | undef  |  (-_-) |  (-_-) }\
\{ 000801c0 | addi   | -- | lui    |  (-_-) | addi   |  (-_-) |  (-_-) }/
/{ 000801c4 | div    | -- | addi   | bne    |  (-_-) | undef  |  (-_-) }\
\{ 000801c8 | addi   | -- | addi   | lui    |  (-_-) | addi   |  (-_-) }/
/{-000801cc-|#addi   | \/ | div    | addi   | bne    |  (-_-) | undef  }\
\{-000801d0-|#bne    | /\ | addi   | addi   | lui    |  (-_-) | addi   }/
/{-000801c8-|#addi   | \/ |  (-_-) | div    | addi   | bne    |  (-_-) }\
\{-000801cc-|#bne    | /\ |  (-_-) | addi   | addi   | lui    |  (-_-) }/
/{-000801c8-|#addi   | \/ |  (-_-) |  (-_-) | div    | addi   | bne    }\
\{-000801cc-|#bne    | /\ |  (-_-) |  (-_-) | addi   | addi   | lui    }/
/{-000801c8-|#addi   | \/ |  (-_-) |  (-_-) |  (-_-) | div    | addi   }\
\{-000801cc-|#bne    | /\ |  (-_-) |  (-_-) |  (-_-) | addi   | addi   }/
/{-000801c8-| addi   | \/ |  (-_-) |  (-_-) |  (-_-) |  (-_-) | div    }\
\{-000801cc-| bne    | /\ |  (-_-) |  (-_-) |  (-_-) |  (-_-) | addi   }/
/{ 000801c8 |  (-_-) | -- | undef  |  (-_-) |  (-_-) |  (-_-) |  (-_-) }\
\{ 000801cc |  (-_-) | -- | addi   |  (-_-) |  (-_-) |  (-_-) |  (-_-) }/
/{ 000801d0 | bne    | -- |  (-_-) | undef  |  (-_-) |  (-_-) |  (-_-) }\
\{ 000801d4 | lui    | -- |  (-_-) | addi   |  (-_-) |  (-_-) |  (-_-) }/
/{ 000801d8 | addi   | -- | bne    |  (-_-) | undef  |  (-_-) |  (-_-) }\
\{ 000801dc | lui    | -- | lui    |  (-_-) | addi   |  (-_-) |  (-_-) }/
/{-000801e0-| addi   | \/ | addi   | bne    |  (-_-) | undef  |  (-_-) }\
\{-000801e4-| div    | /\ | lui    | lui    |  (-_-) | addi   |  (-_-) }/
/{ 000801dc |  (-_-) | -- | undef  | addi   | bne    |  (-_-) | undef  }\
\{ 000801e0 |  (-_-) | -- | addi   | lui    | lui    |  (-_-) | addi   }/
/{ 000801e4 | div    | -- |  (-_-) | undef  | addi   | bne    |  (-_-) }\
\{ 000801e8 | addi   | -- |  (-_-) | addi   | lui    | lui    |  (-_-) }/
/{-000801ec-| lui    | -- | div    |  (-_-) | undef  | addi   | bne    }\
\{-000801f0-| addi   | -- | addi   |  (-_-) | addi   | lui    | lui    }/
/{#000801e8 |  (-_-) | -- | lui    | div    |  (-_-) | undef  | addi   }\
\{#000801ec |  (-_-) | -- | undef  | addi   |  (-_-) | addi   | lui    }/
/{#000801e8 |  (-_-) | -- |  (-_-) | lui    | div    |  (-_-) | undef  }\
\{#000801ec |  (-_-) | -- |  (-_-) | undef  | addi   |  (-_-) | addi   }/
/{#000801e8 |  (-_-) | -- |  (-_-) |  (-_-) | lui    | div    |  (-_-) }\
\{#000801ec |  (-_-) | -- |  (-_-) |  (-_-) | undef  | addi   |  (-_-) }/
/{ 000801e8 |  (-_-) | -- |  (-_-) |  (-_-) |  (-_-) | lui    | div    }\
\{ 000801ec |  (-_-) | -- |  (-_-) |  (-_-) |  (-_-) | undef  | addi   }/
/{-000801f0-| lui    | -- |  (-_-) |  (-_-) |  (-_-) |  (-_-) | lui    }\
\{-000801f4-| addi   | -- |  (-_-) |  (-_-) |  (-_-) |  (-_-) | undef  }/
/{ 000801ec |  (-_-) | -- | lui    |  (-_-) |  (-_-) |  (-_-) |  (-_-) }\
\{ 000801f0 |  (-_-) | -- | undef  |  (-_-) |  (-_-) |  (-_-) |  (-_-) }/
/{ 000801f4 | bne    | -- |  (-_-) | lui    |  (-_-) |  (-_-) |  (-_-) }\
\{ 000801f8 | lui    | -- |  (-_-) | undef  |  (-_-) |  (-_-) |  (-_-) }/
/{-000801fc-|-addi  -| -- | bne    |  (-_-) | lui    |  (-_-) |  (-_-) }\
\{-00080200-|-lui   -| -- | lui    |  (-_-) | undef  |  (-_-) |  (-_-) }/
/{ 00080564 |  (-_-) | -- |  (-_-) | bne    |  (-_-) | lui    |  (-_-) }\
\{ 00080568 |  (-_-) | -- |  (-_-) | lui    |  (-_-) | undef  |  (-_-) }/
/{ 0008056c | addi   | \/ |  (-_-) |  (-_-) | bne    |  (-_-) | lui    }\
\{ 00080570 | csrw   | /\ |  (-_-) |  (-_-) | lui    |  (-_-) | undef  }/
/{ 00080574 | bne    | -- | csrw   |  (-_-) |  (-_-) | bne    |  (-_-) }\
\{ 00080578 | nop    | -- | addi   |  (-_-) |  (-_-) | lui    |  (-_-) }/
/{-0008057c-|-nop   -| -- | bne    | csrw   |  (-_-) |  (-_-) | bne    }\
\{-00080580-|-nop   -| -- | nop    | addi   |  (-_-) |  (-_-) | lui    }/
/{ 0008056c |  (-_-) | -- |  (-_-) | bne    | csrw   |  (-_-) |  (-_-) }\
\{ 00080570 |  (-_-) | -- |  (-_-) | nop    | addi   |  (-_-) |  (-_-) }/
/{ 00080574 | bne    | -- |  (-_-) |  (-_-) | bne    | csrw   |  (-_-) }\
\{ 00080578 | nop    | -- |  (-_-) |  (-_-) | nop    | addi   |  (-_-) }/
/{-0008057c-|-nop   -| -- | bne    |  (-_-) |  (-_-) | bne    | csrw   }\
\{-00080580-|-nop   -| -- | nop    |  (-_-) |  (-_-) | nop    | addi   }/
*** FAILED *** (status =         44)
/{ 0008056c |  (-_-) | -- |  (-_-) | bne    |  (-_-) |  (-_-) | bne    }\
\{ 00080570 |  (-_-) | -- |  (-_-) | nop    |  (-_-) |  (-_-) | nop    }/
/{ 00080574 |