WARNING: ../riscvssc/riscvssc-sim.v:183: $readmemh: The behaviour for reg[...] mem[N:0]; $readmemh("...", mem); changed in the 1364-2005 standard. To avoid ambiguity, use mem[0:N] or explicit range parameters $readmemh("...", mem, start, stop);. Defaulting to 1364-2005 behavior.
/{ xxxxxxxx |        | -- |        |        |        |        |        }\
\{ xxxxxxxx |        | -- |        |        |        |        |        }/
/{ xxxxxxxx |        | -- |        |        |        |        |        }\
\{ xxxxxxxx |        | -- |        |        |        |        |        }/
/{ xxxxxxxx |        | -- |        |        |        |        |        }\
\{ xxxxxxxx |        | -- |        |        |        |        |        }/
/{ 00080000 |  (-_-) | -- |  (-_-) |  (-_-) |  (-_-) |  (-_-) |  (-_-) }\
\{ 00080004 |  (-_-) | -- |  (-_-) |  (-_-) |  (-_-) |  (-_-) |  (-_-) }/
/{ 00080000 |  (-_-) | -- |  (-_-) |  (-_-) |  (-_-) |  (-_-) |  (-_-) }\
\{ 00080004 |  (-_-) | -- |  (-_-) |  (-_-) |  (-_-) |  (-_-) |  (-_-) }/
/{-00080008-| auipc  | -- |  (-_-) |  (-_-) |  (-_-) |  (-_-) |  (-_-) }\
\{-0008000c-| addi   | -- |  (-_-) |  (-_-) |  (-_-) |  (-_-) |  (-_-) }/
/{ 00080004 |  (-_-) | -- | auipc  |  (-_-) |  (-_-) |  (-_-) |  (-_-) }\
\{ 00080008 |  (-_-) | -- | undef  |  (-_-) |  (-_-) |  (-_-) |  (-_-) }/
/{-0008000c-| addi   | \/ |  (-_-) | auipc  |  (-_-) |  (-_-) |  (-_-) }\
\{-00080010-| lw     | /\ |  (-_-) | undef  |  (-_-) |  (-_-) |  (-_-) }/
/{ 00080008 |  (-_-) | -- | undef  |  (-_-) | auipc  |  (-_-) |  (-_-) }\
\{ 0008000c |  (-_-) | -- | addi   |  (-_-) | undef  |  (-_-) |  (-_-) }/
/{ 00080010 | lw     | -- |  (-_-) | undef  |  (-_-) | auipc  |  (-_-) }\
\{ 00080014 | addi   | -- |  (-_-) | addi   |  (-_-) | undef  |  (-_-) }/
/{-00080018-|#addi   | \/ | lw     |  (-_-) | undef  |  (-_-) | auipc  }\
\{-0008001c-|#bne    | /\ | addi   |  (-_-) | addi   |  (-_-) | undef  }/
/{-00080014-|#addi   | \/ |  (-_-) | lw     |  (-_-) | undef  |  (-_-) }\
\{-00080018-|#bne    | /\ |  (-_-) | addi   |  (-_-) | addi   |  (-_-) }/
/{-00080014-| addi   | \/ |  (-_-) |  (-_-) | lw     |  (-_-) | undef  }\
\{-00080018-| bne    | /\ |  (-_-) |  (-_-) | addi   |  (-_-) | addi   }/
/{ 00080014 |  (-_-) | -- | undef  |  (-_-) |  (-_-) | lw     |  (-_-) }\
\{ 00080018 |  (-_-) | -- | addi   |  (-_-) |  (-_-) | addi   |  (-_-) }/
/{ 0008001c | bne    | -- |  (-_-) | undef  |  (-_-) |  (-_-) | lw     }\
\{ 00080020 | auipc  | -- |  (-_-) | addi   |  (-_-) |  (-_-) | addi   }/
/{-00080024-| addi   | \/ | bne    |  (-_-) | undef  |  (-_-) |  (-_-) }\
\{-00080028-| lw     | /\ | auipc  |  (-_-) | addi   |  (-_-) |  (-_-) }/
/{ 00080020 |  (-_-) | -- | undef  | bne    |  (-_-) | undef  |  (-_-) }\
\{ 00080024 |  (-_-) | -- | addi   | auipc  |  (-_-) | addi   |  (-_-) }/
/{ 00080028 | lw     | -- |  (-_-) | undef  | bne    |  (-_-) | undef  }\
\{ 0008002c | addi   | -- |  (-_-) | addi   | auipc  |  (-_-) | addi   }/
/{-00080030-| lui    | -- | lw     |  (-_-) | undef  | bne    |  (-_-) }\
\{-00080034-| addi   | -- | addi   |  (-_-) | addi   | auipc  |  (-_-) }/
/{#0008002c |  (-_-) | -- | lui    | lw     |  (-_-) | undef  | bne    }\
\{#00080030 |  (-_-) | -- | undef  | addi   |  (-_-) | addi   | auipc  }/
/{ 0008002c |  (-_-) | -- |  (-_-) | lui    | lw     |  (-_-) | undef  }\
\{ 00080030 |  (-_-) | -- |  (-_-) | undef  | addi   |  (-_-) | addi   }/
/{-00080034-| addi   | \/ |  (-_-) |  (-_-) | lui    | lw     |  (-_-) }\
\{-00080038-| bne    | /\ |  (-_-) |  (-_-) | undef  | addi   |  (-_-) }/
/{ 00080030 |  (-_-) | -- | undef  |  (-_-) |  (-_-) | lui    | lw     }\
\{ 00080034 |  (-_-) | -- | addi   |  (-_-) |  (-_-) | undef  | addi   }/
/{ 00080038 | bne    | -- |  (-_-) | undef  |  (-_-) |  (-_-) | lui    }\
\{ 0008003c | auipc  | -- |  (-_-) | addi   |  (-_-) |  (-_-) | undef  }/
/{-00080040-| addi   | \/ | bne    |  (-_-) | undef  |  (-_-) |  (-_-) }\
\{-00080044-| lw     | /\ | auipc  |  (-_-) | addi   |  (-_-) |  (-_-) }/
/{ 0008003c |  (-_-) | -- | undef  | bne    |  (-_-) | undef  |  (-_-) }\
\{ 00080040 |  (-_-) | -- | addi   | auipc  |  (-_-) | addi   |  (-_-) }/
/{ 00080044 | lw     | -- |  (-_-) | undef  | bne    |  (-_-) | undef  }\
\{ 00080048 | addi   | -- |  (-_-) | addi   | auipc  |  (-_-) | addi   }/
/{-0008004c-| lui    | -- | lw     |  (-_-) | undef  | bne    |  (-_-) }\
\{-00080050-| addi   | -- | addi   |  (-_-) | addi   | auipc  |  (-_-) }/
/{#00080048 |  (-_-) | -- | lui    | lw     |  (-_-) | undef  | bne    }\
\{#0008004c |  (-_-) | -- | undef  | addi   |  (-_-) | addi   | auipc  }/
/{ 00080048 |  (-_-) | -- |  (-_-) | lui    | lw     |  (-_-) | undef  }\
\{ 0008004c |  (-_-) | -- |  (-_-) | undef  | addi   |  (-_-) | addi   }/
/{-00080050-| addi   | \/ |  (-_-) |  (-_-) | lui    | lw     |  (-_-) }\
\{-00080054-| bne    | /\ |  (-_-) |  (-_-) | undef  | addi   |  (-_-) }/
/{ 0008004c |  (-_-) | -- | undef  |  (-_-) |  (-_-) | lui    | lw     }\
\{ 00080050 |  (-_-) | -- | addi   |  (-_-) |  (-_-) | undef  | addi   }/
/{ 00080054 | bne    | -- |  (-_-) | undef  |  (-_-) |  (-_-) | lui    }\
\{ 00080058 | auipc  | -- |  (-_-) | addi   |  (-_-) |  (-_-) | undef  }/
/{-0008005c-| addi   | \/ | bne    |  (-_-) | undef  |  (-_-) |  (-_-) }\
\{-00080060-| lw     | /\ | auipc  |  (-_-) | addi   |  (-_-) |  (-_-) }/
/{ 00080058 |  (-_-) | -- | undef  | bne    |  (-_-) | undef  |  (-_-) }\
\{ 0008005c |  (-_-) | -- | addi   | auipc  |  (-_-) | addi   |  (-_-) }/
/{ 00080060 | lw     | -- |  (-_-) | undef  | bne    |  (-_-) | undef  }\
\{ 00080064 | addi   | -- |  (-_-) | addi   | auipc  |  (-_-) | addi   }/
/{-00080068-| lui    | -- | lw     |  (-_-) | undef  | bne    |  (-_-) }\
\{-0008006c-| addi   | -- | addi   |  (-_-) | addi   | auipc  |  (-_-) }/
/{#00080064 |  (-_-) | -- | lui    | lw     |  (-_-) | undef  | bne    }\
\{#00080068 |  (-_-) | -- | undef  | addi   |  (-_-) | addi   | auipc  }/
/{ 00080064 |  (-_-) | -- |  (-_-) | lui    | lw     |  (-_-) | undef  }\
\{ 00080068 |  (-_-) | -- |  (-_-) | undef  | addi   |  (-_-) | addi   }/
/{-0008006c-| addi   | \/ |  (-_-) |  (-_-) | lui    | lw     |  (-_-) }\
\{-00080070-| bne    | /\ |  (-_-) |  (-_-) | undef  | addi   |  (-_-) }/
/{ 00080068 |  (-_-) | -- | undef  |  (-_-) |  (-_-) | lui    | lw     }\
\{ 0008006c |  (-_-) | -- | addi   |  (-_-) |  (-_-) | undef  | addi   }/
/{ 00080070 | bne    | -- |  (-_-) | undef  |  (-_-) |  (-_-) | lui    }\
\{ 00080074 | auipc  | -- |  (-_-) | addi   |  (-_-) |  (-_-) | undef  }/
/{-00080078-| addi   | \/ | bne    |  (-_-) | undef  |  (-_-) |  (-_-) }\
\{-0008007c-| lw     | /\ | auipc  |  (-_-) | addi   |  (-_-) |  (-_-) }/
/{ 00080074 |  (-_-) | -- | undef  | bne    |  (-_-) | undef  |  (-_-) }\
\{ 00080078 |  (-_-) | -- | addi   | auipc  |  (-_-) | addi   |  (-_-) }/
/{ 0008007c | lw     | -- |  (-_-) | undef  | bne    |  (-_-) | undef  }\
\{ 00080080 | addi   | -- |  (-_-) | addi   | auipc  |  (-_-) | addi   }/
/{-00080084-|#addi   | \/ | lw     |  (-_-) | undef  | bne    |  (-_-) }\
\{-00080088-|#bne    | /\ | addi   |  (-_-) | addi   | auipc  |  (-_-) }/
/{-00080080-|#addi   | \/ |  (-_-) | lw     |  (-_-) | undef  | bne    }\
\{-00080084-|#bne    | /\ |  (-_-) | addi   |  (-_-) | addi   | auipc  }/
/{-00080080-| addi   | \/ |  (-_-) |  (-_-) | lw     |  (-_-) | undef  }\
\{-00080084-| bne    | /\ |  (-_-) |  (-_-) | addi   |  (-_-) | addi   }/
/{ 00080080 |  (-_-) | -- | undef  |  (-_-) |  (-_-) | lw     |  (-_-) }\
\{ 00080084 |  (-_-) | -- | addi   |  (-_-) |  (-_-) | addi   |  (-_-) }/
/{ 00080088 | bne    | -- |  (-_-) | undef  |  (-_-) |  (-_-) | lw     }\
\{ 0008008c | auipc  | -- |  (-_-) | addi   |  (-_-) |  (-_-) | addi   }/
/{-00080090-| addi   | \/ | bne    |  (-_-) | undef  |  (-_-) |  (-_-) }\
\{-00080094-| lw     | /\ | auipc  |  (-_-) | addi   |  (-_-) |  (-_-) }/
/{ 0008008c |  (-_-) | -- | undef  | bne    |  (-_-) | undef  |  (-_-) }\
\{ 00080090 |  (-_-) | -- | addi   | auipc  |  (-_-) | addi   |  (-_-) }/
/{ 00080094 | lw     | -- |  (-_-) | undef  | bne    |  (-_-) | undef  }\
\{ 00080098 | addi   | -- |  (-_-) | addi   | auipc  |  (-_-) | addi   }/
/{-0008009c-| lui    | -- | lw     |  (-_-) | undef  | bne    |  (-_-) }\
\{-000800a0-| addi   | -- | addi   |  (-_-) | addi   | auipc  |  (-_-) }/
/{#00080098 |  (-_-) | -- | lui    | lw     |  (-_-) | undef  | bne    }\
\{#0008009c |  (-_-) | -- | undef  | addi   |  (-_-) | addi   | auipc  }/
/{ 00080098 |  (-_-) | -- |  (-_-) | lui    | lw     |  (-_-) | undef  }\
\{ 0008009c |  (-_-) | -- |  (-_-) | undef  | addi   |  (-_-) | addi   }/
/{-000800a0-| addi   | \/ |  (-_-) |  (-_-) | lui    | lw     |  (-_-) }\
\{-000800a4-| bne    | /\ |  (-_-) |  (-_-) | undef  | addi   |  (-_-) }/
/{ 0008009c |  (-_-) | -- | undef  |  (-_-) |  (-_-) | lui    | lw     }\
\{ 000800a0 |  (-_-) | -- | addi   |  (-_-) |  (-_-) | undef  | addi   }/
/{ 000800a4 | bne    | -- |  (-_-) | undef  |  (-_-) |  (-_-) | lui    }\
\{ 000800a8 | auipc  | -- |  (-_-) | addi   |  (-_-) |  (-_-) | undef  }/
/{-000800ac-| addi   | \/ | bne    |  (-_-) | undef  |  (-_-) |  (-_-) }\
\{-000800b0-| lw     | /\ | auipc  |  (-_-) | addi   |  (-_-) |  (-_-) }/
/{ 000800a8 |  (-_-) | -- | undef  | bne    |  (-_-) | undef  |  (-_-) }\
\{ 000800ac |  (-_-) | -- | addi   | auipc  |  (-_-) | addi   |  (-_-) }/
/{ 000800b0 | lw     | -- |  (-_-) | undef  | bne    |  (-_-) | undef  }\
\{ 000800b4 | addi   | -- |  (-_-) | addi   | auipc  |  (-_-) | addi   }/
/{-000800b8-| lui    | -- | lw     |  (-_-) | undef  | bne    |  (-_-) }\
\{-000800bc-| addi   | -- | addi   |  (-_-) | addi   | auipc  |  (-_-) }/
/{#000800b4 |  (-_-) | -- | lui    | lw     |  (-_-) | undef  | bne    }\
\{#000800b8 |  (-_-) | -- | undef  | addi   |  (-_-) | addi   | auipc  }/
/{ 000800b4 |  (-_-) | -- |  (-_-) | lui    | lw     |  (-_-) | undef  }\
\{ 000800b8 |  (-_-) | -- |  (-_-) | undef  | addi   |  (-_-) | addi   }/
/{-000800bc-| addi   | \/ |  (-_-) |  (-_-) | lui    | lw     |  (-_-) }\
\{-000800c0-| bne    | /\ |  (-_-) |  (-_-) | undef  | addi   |  (-_-) }/
/{ 000800b8 |  (-_-) | -- | undef  |  (-_-) |  (-_-) | lui    | lw     }\
\{ 000800bc |  (-_-) | -- | addi   |  (-_-) |  (-_-) | undef  | addi   }/
/{ 000800c0 | bne    | -- |  (-_-) | undef  |  (-_-) |  (-_-) | lui    }\
\{ 000800c4 | auipc  | -- |  (-_-) | addi   |  (-_-) |  (-_-) | undef  }/
/{-000800c8-| addi   | \/ | bne    |  (-_-) | undef  |  (-_-) |  (-_-) }\
\{-000800cc-| lw     | /\ | auipc  |  (-_-) | addi   |  (-_-) |  (-_-) }/
/{ 000800c4 |  (-_-) | -- | undef  | bne    |  (-_-) | undef  |  (-_-) }\
\{ 000800c8 |  (-_-) | -- | addi   | auipc  |  (-_-) | addi   |  (-_-) }/
/{ 000800cc | lw     | -- |  (-_-) | undef  | bne    |  (-_-) | undef  }\
\{ 000800d0 | addi   | -- |  (-_-) | addi   | auipc  |  (-_-) | addi   }/
/{-000800d4-| lui    | -- | lw     |  (-_-) | undef  | bne    |  (-_-) }\
\{-000800d8-| addi   | -- | addi   |  (-_-) | addi   | auipc  |  (-_-) }/
/{#000800d0 |  (-_-) | -- | lui    | lw     |  (-_-) | undef  | bne    }\
\{#000800d4 |  (-_-) | -- | undef  | addi   |  (-_-) | addi   | auipc  }/
/{ 000800d0 |  (-_-) | -- |  (-_-) | lui    | lw     |  (-_-) | undef  }\
\{ 000800d4 |  (-_-) | -- |  (-_-) | undef  | addi   |  (-_-) | addi   }/
/{-000800d8-| addi   | \/ |  (-_-) |  (-_-) | lui    | lw     |  (-_-) }\
\{-000800dc-| bne    | /\ |  (-_-) |  (-_-) | undef  | addi   |  (-_-) }/
/{ 000800d4 |  (-_-) | -- | undef  |  (-_-) |  (-_-) | lui    | lw     }\
\{ 000800d8 |  (-_-) | -- | addi   |  (-_-) |  (-_-) | undef  | addi   }/
/{ 000800dc | bne    | -- |  (-_-) | undef  |  (-_-) |  (-_-) | lui    }\
\{ 000800e0 | auipc  | -- |  (-_-) | addi   |  (-_-) |  (-_-) | undef  }/
/{-000800e4-| addi   | -- | bne    |  (-_-) | undef  |  (-_-) |  (-_-) }\
\{-000800e8-| addi   | -- | auipc  |  (-_-) | addi   |  (-_-) |  (-_-) }/
/{ 000800e0 |  (-_-) | -- | addi   | bne    |  (-_-) | undef  |  (-_-) }\
\{ 000800e4 |  (-_-) | -- | undef  | auipc  |  (-_-) | addi   |  (-_-) }/
/{-000800e8-| addi   | \/ |  (-_-) | addi   | bne    |  (-_-) | undef  }\
\{-000800ec-| lw     | /\ |  (-_-) | undef  | auipc  |  (-_-) | addi   }/
/{ 000800e4 |  (-_-) | -- | undef  |  (-_-) | addi   | bne    |  (-_-) }\
\{ 000800e8 |  (-_-) | -- | addi   |  (-_-) | undef  | auipc  |  (-_-) }/
/{ 000800ec | lw     | -- |  (-_-) | undef  |  (-_-) | addi   | bne    }\
\{ 000800f0 | addi   | -- |  (-_-) | addi   |  (-_-) | undef  | auipc  }/
/{-000800f4-|#addi   | \/ | lw     |  (-_-) | undef  |  (-_-) | addi   }\
\{-000800f8-|#bne    | /\ | addi   |  (-_-) | addi   |  (-_-) | undef  }/
/{-000800f0-|#addi   | \/ |  (-_-) | lw     |  (-_-) | undef  |  (-_-) }\
\{-000800f4-|#bne    | /\ |  (-_-) | addi   |  (-_-) | addi   |  (-_-) }/
/{-000800f0-| addi   | \/ |  (-_-) |  (-_-) | lw     |  (-_-) | undef  }\
\{-000800f4-| bne    | /\ |  (-_-) |  (-_-) | addi   |  (-_-) | addi   }/
/{ 000800f0 |  (-_-) | -- | undef  |  (-_-) |  (-_-) | lw     |  (-_-) }\
\{ 000800f4 |  (-_-) | -- | addi   |  (-_-) |  (-_-) | addi   |  (-_-) }/
/{ 000800f8 | bne    | -- |  (-_-) | undef  |  (-_-) |  (-_-) | lw     }\
\{ 000800fc | auipc  | -- |  (-_-) | addi   |  (-_-) |  (-_-) | addi   }/
/{-00080100-| addi   | -- | bne    |  (-_-) | undef  |  (-_-) |  (-_-) }\
\{-00080104-| addi   | -- | auipc  |  (-_-) | addi   |  (-_-) |  (-_-) }/
/{ 000800fc |  (-_-) | -- | addi   | bne    |  (-_-) | undef  |  (-_-) }\
\{ 00080100 |  (-_-) | -- | undef  | auipc  |  (-_-) | addi   |  (-_-) }/
/{-00080104-| addi   | \/ |  (-_-) | addi   | bne    |  (-_-) | undef  }\
\{-00080108-| lw     | /\ |  (-_-) | undef  | auipc  |  (-_-) | addi   }/
/{ 00080100 |  (-_-) | -- | undef  |  (-_-) | addi   | bne    |  (-_-) }\
\{ 00080104 |  (-_-) | -- | addi   |  (-_-) | undef  | auipc  |  (-_-) }/
/{ 00080108 | lw     | -- |  (-_-) | undef  |  (-_-) | addi   | bne    }\
\{ 0008010c | addi   | -- |  (-_-) | addi   |  (-_-) | undef  | auipc  }/
/{-00080110-| lui    | -- | lw     |  (-_-) | undef  |  (-_-) | addi   }\
\{-00080114-| addi   | -- | addi   |  (-_-) | addi   |  (-_-) | undef  }/
/{#0008010c |  (-_-) | -- | lui    | lw     |  (-_-) | undef  |  (-_-) }\
\{#00080110 |  (-_-) | -- | undef  | addi   |  (-_-) | addi   |  (-_-) }/
/{ 0008010c |  (-_-) | -- |  (-_-) | lui    | lw     |  (-_-) | undef  }\
\{ 00080110 |  (-_-) | -- |  (-_-) | undef  | addi   |  (-_-) | addi   }/
/{-00080114-| addi   | \/ |  (-_-) |  (-_-) | lui    | lw     |  (-_-) }\
\{-00080118-| bne    | /\ |  (-_-) |  (-_-) | undef  | addi   |  (-_-) }/
/{ 00080110 |  (-_-) | -- | undef  |  (-_-) |  (-_-) | lui    | lw     }\
\{ 00080114 |  (-_-) | -- | addi   |  (-_-) |  (-_-) | undef  | addi   }/
/{ 00080118 | bne    | -- |  (-_-) | undef  |  (-_-) |  (-_-) | lui    }\
\{ 0008011c | auipc  | -- |  (-_-) | addi   |  (-_-) |  (-_-) | undef  }/
/{-00080120-| addi   | \/ | bne    |  (-_-) | undef  |  (-_-) |  (-_-) }\
\{-00080124-| lw     | /\ | auipc  |  (-_-) | addi   |  (-_-) |  (-_-) }/
/{ 0008011c |  (-_-) | -- | undef  | bne    |  (-_-) | undef  |  (-_-) }\
\{ 00080120 |  (-_-) | -- | addi   | auipc  |  (-_-) | addi   |  (-_-) }/
/{-00080124-| lw     | -- |  (-_-) | undef  | bne    |  (-_-) | undef  }\
\{-00080128-| addi   | -- |  (-_-) | addi   | auipc  |  (-_-) | addi   }/
/{ 00080120 |  (-_-) | -- | lw     |  (-_-) | undef  | bne    |  (-_-) }\
\{ 00080124 |  (-_-) | -- | undef  |  (-_-) | addi   | auipc  |  (-_-) }/
/{#00080128 |#addi   | -- |  (-_-) | lw     |  (-_-) | undef  | bne    }\
\{#0008012c |#addi   | -- |  (-_-) | undef  |  (-_-) | addi   | auipc  }/
/{ 00080128 | addi   | -- |  (-_-) |  (-_-) | lw     |  (-_-) | undef  }\
\{ 0008012c | addi   | -- |  (-_-) |  (-_-) | undef  |  (-_-) | addi   }/
/{-00080130-| addi   | \/ | addi   |  (-_-) |  (-_-) | lw     |  (-_-) }\
\{-00080134-| bne    | /\ | addi   |  (-_-) |  (-_-) | undef  |  (-_-) }/
/{ 0008012c |  (-_-) | -- | undef  | addi   |  (-_-) |  (-_-) | lw     }\
\{ 00080130 |  (-_-) | -- | addi   | addi   |  (-_-) |  (-_-) | undef  }/
/{ 00080134 | bne    | -- |  (-_-) | undef  | addi   |  (-_-) |  (-_-) }\
\{ 00080138 | auipc  | -- |  (-_-) | addi   | addi   |  (-_-) |  (-_-) }/
/{-0008013c-| addi   | \/ | bne    |  (-_-) | undef  | addi   |  (-_-) }\
\{-00080140-| lw     | /\ | auipc  |  (-_-) | addi   | addi   |  (-_-) }/
/{ 00080138 |  (-_-) | -- | undef  | bne    |  (-_-) | undef  | addi   }\
\{ 0008013c |  (-_-) | -- | addi   | auipc  |  (-_-) | addi   | addi   }/
/{ 00080140 | lw     | -- |  (-_-) | undef  | bne    |  (-_-) | undef  }\
\{ 00080144 | nop    | -- |  (-_-) | addi   | auipc  |  (-_-) | addi   }/
/{#00080148 |#addi   | -- | lw     |  (-_-) | undef  | bne    |  (-_-) }\
\{#0008014c |#addi   | -- | nop    |  (-_-) | addi   | auipc  |  (-_-) }/
/{#00080148 |#addi   | -- |  (-_-) | lw     |  (-_-) | undef  | bne    }\
\{#0008014c |#addi   | -- |  (-_-) | nop    |  (-_-) | addi   | auipc  }/
/{ 00080148 | addi   | -- |  (-_-) |  (-_-) | lw     |  (-_-) | undef  }\
\{ 0008014c | addi   | -- |  (-_-) |  (-_-) | nop    |  (-_-) | addi   }/
/{ 00080150 | bne    | -- | addi   |  (-_-) |  (-_-) | lw     |  (-_-) }\
\{ 00080154 | auipc  | -- | addi   |  (-_-) |  (-_-) | nop    |  (-_-) }/
/{-00080158-|-bne   -| -- | bne    | addi   |  (-_-) |  (-_-) | lw     }\
\{-0008015c-|-auipc -| -- | auipc  | addi   |  (-_-) |  (-_-) | nop    }/
/{ 000802c0 |  (-_-) | -- |  (-_-) | bne    | addi   |  (-_-) |  (-_-) }\
\{ 000802c4 |  (-_-) | -- |  (-_-) | auipc  | addi   |  (-_-) |  (-_-) }/
/{ 000802c8 | bne    | -- |  (-_-) |  (-_-) | bne    | addi   |  (-_-) }\
\{ 000802cc | addi   | -- |  (-_-) |  (-_-) | auipc  | addi   |  (-_-) }/
/{-000802d0-|-addi  -| -- | bne    |  (-_-) |  (-_-) | bne    | addi   }\
\{-000802d4-|-csrw  -| -- | addi   |  (-_-) |  (-_-) | auipc  | addi   }/
/{ 000802c8 |  (-_-) | -- |  (-_-) | bne    |  (-_-) |  (-_-) | bne    }\
\{ 000802cc |  (-_-) | -- |  (-_-) | addi   |  (-_-) |  (-_-) | auipc  }/
/{ 000802d0 | addi   | \/ |  (-_-) |  (-_-) | bne    |  (-_-) |  (-_-) }\
\{ 000802d4 | csrw   | /\ |  (-_-) |  (-_-) | addi   |  (-_-) |  (-_-) }/
/{ 000802d8 | bne    | -- | csrw   |  (-_-) |  (-_-) | bne    |  (-_-) }\
\{ 000802dc | nop    | -- | addi   |  (-_-) |  (-_-) | addi   |  (-_-) }/
/{-000802e0-|-nop   -| -- | bne    | csrw   |  (-_-) |  (-_-) | bne    }\
\{-000802e4-|-nop   -| -- | nop    | addi   |  (-_-) |  (-_-) | addi   }/
/{ 000802d0 |  (-_-) | -- |  (-_-) | bne    | csrw   |  (-_-) |  (-_-) }\
\{ 000802d4 |  (-_-) | -- |  (-_-) | nop    | addi   |  (-_-) |  (-_-) }/
/{ 000802d8 | bne    | -- |  (-_-) |  (-_-) | bne    | csrw   |  (-_-) }\
\{ 000802dc | nop    | -- |  (-_-) |  (-_-) | nop    | addi   |  (-_-) }/
/{-000802e0-|-nop   -| -- | bne    |  (-_-) |  (-_-) | bne    | csrw   }\
\{-000802e4-|-nop   -| -- | nop    |  (-_-) |  (-_-) | nop    | addi   }/
*** FAILED *** (status =         41)
/{ 000802d0 |  (-_-) | -- |  (-_-) | bne    |  (-_-) |  (-_-) | bne    }\
\{ 000802d4 |  (-_-) | -- |  (-_-) | nop    |  (-_-) |  (-_-) | nop    }/
/{ 000802d8 |