WARNING: ../riscvdualfetch/riscvdualfetch-sim.v:183: $readmemh: The behaviour for reg[...] mem[N:0]; $readmemh("...", mem); changed in the 1364-2005 standard. To avoid ambiguity, use mem[0:N] or explicit range parameters $readmemh("...", mem, start, stop);. Defaulting to 1364-2005 behavior.
/{ xxxxxxxx |        | -- |        |        |        |        |        }\
\{ xxxxxxxx |        | -- |        |        |        |        |        }/
/{ xxxxxxxx |        | -- |        |        |        |        |        }\
\{ xxxxxxxx |        | -- |        |        |        |        |        }/
/{ xxxxxxxx |        | -- |        |        |        |        |        }\
\{ xxxxxxxx |        | -- |        |        |        |        |        }/
/{ 00080000 |  (-_-) | -- |  (-_-) |  (-_-) |  (-_-) |  (-_-) |  (-_-) }\
\{ 00080004 |  (-_-) | -- |  (-_-) |  (-_-) |  (-_-) |  (-_-) |  (-_-) }/
/{ 00080000 |  (-_-) | -- |  (-_-) |  (-_-) |  (-_-) |  (-_-) |  (-_-) }\
\{ 00080004 |  (-_-) | -- |  (-_-) |  (-_-) |  (-_-) |  (-_-) |  (-_-) }/
/{#00080008 |#addi   | -- |  (-_-) |  (-_-) |  (-_-) |  (-_-) |  (-_-) }\
\{#0008000c |#addi   | -- |  (-_-) |  (-_-) |  (-_-) |  (-_-) |  (-_-) }/
/{ 00080008 | addi   | \/ |  (-_-) |  (-_-) |  (-_-) |  (-_-) |  (-_-) }\
\{ 0008000c | addi   | /\ |  (-_-) |  (-_-) |  (-_-) |  (-_-) |  (-_-) }/
/{#00080010 |#add    | -- | addi   |  (-_-) |  (-_-) |  (-_-) |  (-_-) }\
\{#00080014 |#addi   | -- | nop    |  (-_-) |  (-_-) |  (-_-) |  (-_-) }/
/{ 00080010 | add    | \/ |  (-_-) | addi   |  (-_-) |  (-_-) |  (-_-) }\
\{ 00080014 | addi   | /\ |  (-_-) | nop    |  (-_-) |  (-_-) |  (-_-) }/
/{#00080018 |#addi   | -- | addi   |  (-_-) | addi   |  (-_-) |  (-_-) }\
\{#0008001c |#bne    | -- | nop    |  (-_-) | nop    |  (-_-) |  (-_-) }/
/{ 00080018 | addi   | \/ |  (-_-) | addi   |  (-_-) | addi   |  (-_-) }\
\{ 0008001c | bne    | /\ |  (-_-) | nop    |  (-_-) | nop    |  (-_-) }/
/{#00080020 |#addi   | -- | bne    |  (-_-) | addi   |  (-_-) | addi   }\
\{#00080024 |#addi   | -- | nop    |  (-_-) | nop    |  (-_-) | nop    }/
/{ 00080020 | addi   | \/ |  (-_-) | bne    |  (-_-) | addi   |  (-_-) }\
\{ 00080024 | addi   | /\ |  (-_-) | nop    |  (-_-) | nop    |  (-_-) }/
/{#00080028 |#add    | -- | addi   |  (-_-) | bne    |  (-_-) | addi   }\
\{#0008002c |#addi   | -- | nop    |  (-_-) | nop    |  (-_-) | nop    }/
/{ 00080028 | add    | \/ |  (-_-) | addi   |  (-_-) | bne    |  (-_-) }\
\{ 0008002c | addi   | /\ |  (-_-) | nop    |  (-_-) | nop    |  (-_-) }/
/{#00080030 |#addi   | -- | addi   |  (-_-) | addi   |  (-_-) | bne    }\
\{#00080034 |#bne    | -- | nop    |  (-_-) | nop    |  (-_-) | nop    }/
/{ 00080030 | addi   | \/ |  (-_-) | addi   |  (-_-) | addi   |  (-_-) }\
\{ 00080034 | bne    | /\ |  (-_-) | nop    |  (-_-) | nop    |  (-_-) }/
/{#00080038 |#addi   | -- | bne    |  (-_-) | addi   |  (-_-) | addi   }\
\{#0008003c |#addi   | -- | nop    |  (-_-) | nop    |  (-_-) | nop    }/
/{ 00080038 | addi   | \/ |  (-_-) | bne    |  (-_-) | addi   |  (-_-) }\
\{ 0008003c | addi   | /\ |  (-_-) | nop    |  (-_-) | nop    |  (-_-) }/
/{#00080040 |#add    | -- | addi   |  (-_-) | bne    |  (-_-) | addi   }\
\{#00080044 |#addi   | -- | nop    |  (-_-) | nop    |  (-_-) | nop    }/
/{ 00080040 | add    | \/ |  (-_-) | addi   |  (-_-) | bne    |  (-_-) }\
\{ 00080044 | addi   | /\ |  (-_-) | nop    |  (-_-) | nop    |  (-_-) }/
/{#00080048 |#addi   | -- | addi   |  (-_-) | addi   |  (-_-) | bne    }\
\{#0008004c |#bne    | -- | nop    |  (-_-) | nop    |  (-_-) | nop    }/
/{ 00080048 | addi   | \/ |  (-_-) | addi   |  (-_-) | addi   |  (-_-) }\
\{ 0008004c | bne    | /\ |  (-_-) | nop    |  (-_-) | nop    |  (-_-) }/
/{#00080050 |#addi   | -- | bne    |  (-_-) | addi   |  (-_-) | addi   }\
\{#00080054 |#lui    | -- | nop    |  (-_-) | nop    |  (-_-) | nop    }/
/{ 00080050 | addi   | \/ |  (-_-) | bne    |  (-_-) | addi   |  (-_-) }\
\{ 00080054 | lui    | /\ |  (-_-) | nop    |  (-_-) | nop    |  (-_-) }/
/{#00080058 |#add    | -- | lui    |  (-_-) | bne    |  (-_-) | addi   }\
\{#0008005c |#addi   | -- | nop    |  (-_-) | nop    |  (-_-) | nop    }/
/{ 00080058 | add    | \/ |  (-_-) | lui    |  (-_-) | bne    |  (-_-) }\
\{ 0008005c | addi   | /\ |  (-_-) | nop    |  (-_-) | nop    |  (-_-) }/
/{#00080060 |#lui    | -- | addi   |  (-_-) | lui    |  (-_-) | bne    }\
\{#00080064 |#bne    | -- | nop    |  (-_-) | nop    |  (-_-) | nop    }/
/{ 00080060 | lui    | \/ |  (-_-) | addi   |  (-_-) | lui    |  (-_-) }\
\{ 00080064 | bne    | /\ |  (-_-) | nop    |  (-_-) | nop    |  (-_-) }/
/{#00080068 |#lui    | -- | bne    |  (-_-) | addi   |  (-_-) | lui    }\
\{#0008006c |#addi   | -- | nop    |  (-_-) | nop    |  (-_-) | nop    }/
/{ 00080068 | lui    | \/ |  (-_-) | bne    |  (-_-) | addi   |  (-_-) }\
\{ 0008006c | addi   | /\ |  (-_-) | nop    |  (-_-) | nop    |  (-_-) }/
/{#00080070 |#add    | -- | addi   |  (-_-) | bne    |  (-_-) | addi   }\
\{#00080074 |#addi   | -- | nop    |  (-_-) | nop    |  (-_-) | nop    }/
/{ 00080070 | add    | \/ |  (-_-) | addi   |  (-_-) | bne    |  (-_-) }\
\{ 00080074 | addi   | /\ |  (-_-) | nop    |  (-_-) | nop    |  (-_-) }/
/{#00080078 |#lui    | -- | addi   |  (-_-) | addi   |  (-_-) | bne    }\
\{#0008007c |#bne    | -- | nop    |  (-_-) | nop    |  (-_-) | nop    }/
/{ 00080078 | lui    | \/ |  (-_-) | addi   |  (-_-) | addi   |  (-_-) }\
\{ 0008007c | bne    | /\ |  (-_-) | nop    |  (-_-) | nop    |  (-_-) }/
/{#00080080 |#lui    | -- | bne    |  (-_-) | addi   |  (-_-) | addi   }\
\{#00080084 |#lui    | -- | nop    |  (-_-) | nop    |  (-_-) | nop    }/
/{ 00080080 | lui    | \/ |  (-_-) | bne    |  (-_-) | addi   |  (-_-) }\
\{ 00080084 | lui    | /\ |  (-_-) | nop    |  (-_-) | nop    |  (-_-) }/
/{#00080088 |#add    | -- | lui    |  (-_-) | bne    |  (-_-) | addi   }\
\{#0008008c |#addi   | -- | nop    |  (-_-) | nop    |  (-_-) | nop    }/
/{ 00080088 | add    | \/ |  (-_-) | lui    |  (-_-) | bne    |  (-_-) }\
\{ 0008008c | addi   | /\ |  (-_-) | nop    |  (-_-) | nop    |  (-_-) }/
/{#00080090 |#lui    | -- | addi   |  (-_-) | lui    |  (-_-) | bne    }\
\{#00080094 |#bne    | -- | nop    |  (-_-) | nop    |  (-_-) | nop    }/
/{ 00080090 | lui    | \/ |  (-_-) | addi   |  (-_-) | lui    |  (-_-) }\
\{ 00080094 | bne    | /\ |  (-_-) | nop    |  (-_-) | nop    |  (-_-) }/
/{#00080098 |#addi   | -- | bne    |  (-_-) | addi   |  (-_-) | lui    }\
\{#0008009c |#lui    | -- | nop    |  (-_-) | nop    |  (-_-) | nop    }/
/{ 00080098 | addi   | \/ |  (-_-) | bne    |  (-_-) | addi   |  (-_-) }\
\{ 0008009c | lui    | /\ |  (-_-) | nop    |  (-_-) | nop    |  (-_-) }/
/{#000800a0 |#addi   | -- | lui    |  (-_-) | bne    |  (-_-) | addi   }\
\{#000800a4 |#add    | -- | nop    |  (-_-) | nop    |  (-_-) | nop    }/
/{ 000800a0 | addi   | \/ |  (-_-) | lui    |  (-_-) | bne    |  (-_-) }\
\{ 000800a4 | add    | /\ |  (-_-) | nop    |  (-_-) | nop    |  (-_-) }/
/{#000800a8 |#addi   | -- | add    |  (-_-) | lui    |  (-_-) | bne    }\
\{#000800ac |#lui    | -- | nop    |  (-_-) | nop    |  (-_-) | nop    }/
/{ 000800a8 | addi   | \/ |  (-_-) | add    |  (-_-) | lui    |  (-_-) }\
\{ 000800ac | lui    | /\ |  (-_-) | nop    |  (-_-) | nop    |  (-_-) }/
/{#000800b0 |#addi   | -- | lui    |  (-_-) | add    |  (-_-) | lui    }\
\{#000800b4 |#bne    | -- | nop    |  (-_-) | nop    |  (-_-) | nop    }/
/{ 000800b0 | addi   | \/ |  (-_-) | lui    |  (-_-) | add    |  (-_-) }\
\{ 000800b4 | bne    | /\ |  (-_-) | nop    |  (-_-) | nop    |  (-_-) }/
/{#000800b8 |#lui    | -- | bne    |  (-_-) | lui    |  (-_-) | add    }\
\{#000800bc |#addi   | -- | nop    |  (-_-) | nop    |  (-_-) | nop    }/
/{ 000800b8 | lui    | \/ |  (-_-) | bne    |  (-_-) | lui    |  (-_-) }\
\{ 000800bc | addi   | /\ |  (-_-) | nop    |  (-_-) | nop    |  (-_-) }/
/{#000800c0 |#addi   | -- | addi   |  (-_-) | bne    |  (-_-) | lui    }\
\{#000800c4 |#add    | -- | nop    |  (-_-) | nop    |  (-_-) | nop    }/
/{ 000800c0 | addi   | \/ |  (-_-) | addi   |  (-_-) | bne    |  (-_-) }\
\{ 000800c4 | add    | /\ |  (-_-) | nop    |  (-_-) | nop    |  (-_-) }/
/{#000800c8 |#addi   | -- | add    |  (-_-) | addi   |  (-_-) | bne    }\
\{#000800cc |#lui    | -- | nop    |  (-_-) | nop    |  (-_-) | nop    }/
/{ 000800c8 | addi   | \/ |  (-_-) | add    |  (-_-) | addi   |  (-_-) }\
\{ 000800cc | lui    | /\ |  (-_-) | nop    |  (-_-) | nop    |  (-_-) }/
/{#000800d0 |#addi   | -- | lui    |  (-_-) | add    |  (-_-) | addi   }\
\{#000800d4 |#bne    | -- | nop    |  (-_-) | nop    |  (-_-) | nop    }/
/{ 000800d0 | addi   | \/ |  (-_-) | lui    |  (-_-) | add    |  (-_-) }\
\{ 000800d4 | bne    | /\ |  (-_-) | nop    |  (-_-) | nop    |  (-_-) }/
/{#000800d8 |#lui    | -- | bne    |  (-_-) | lui    |  (-_-) | add    }\
\{#000800dc |#addi   | -- | nop    |  (-_-) | nop    |  (-_-) | nop    }/
/{ 000800d8 | lui    | \/ |  (-_-) | bne    |  (-_-) | lui    |  (-_-) }\
\{ 000800dc | addi   | /\ |  (-_-) | nop    |  (-_-) | nop    |  (-_-) }/
/{#000800e0 |#lui    | -- | addi   |  (-_-) | bne    |  (-_-) | lui    }\
\{#000800e4 |#addi   | -- | nop    |  (-_-) | nop    |  (-_-) | nop    }/
/{ 000800e0 | lui    | \/ |  (-_-) | addi   |  (-_-) | bne    |  (-_-) }\
\{ 000800e4 | addi   | /\ |  (-_-) | nop    |  (-_-) | nop    |  (-_-) }/
/{#000800e8 |#add    | -- | addi   |  (-_-) | addi   |  (-_-) | bne    }\
\{#000800ec |#addi   | -- | nop    |  (-_-) | nop    |  (-_-) | nop    }/
/{ 000800e8 | add    | \/ |  (-_-) | addi   |  (-_-) | addi   |  (-_-) }\
\{ 000800ec | addi   | /\ |  (-_-) | nop    |  (-_-) | nop    |  (-_-) }/
/{#000800f0 |#lui    | -- | addi   |  (-_-) | addi   |  (-_-) | addi   }\
\{#000800f4 |#addi   | -- | nop    |  (-_-) | nop    |  (-_-) | nop    }/
/{ 000800f0 | lui    | \/ |  (-_-) | addi   |  (-_-) | addi   |  (-_-) }\
\{ 000800f4 | addi   | /\ |  (-_-) | nop    |  (-_-) | nop    |  (-_-) }/
/{#000800f8 |#bne    | -- | addi   |  (-_-) | addi   |  (-_-) | addi   }\
\{#000800fc |#lui    | -- | nop    |  (-_-) | nop    |  (-_-) | nop    }/
/{ 000800f8 | bne    | \/ |  (-_-) | addi   |  (-_-) | addi   |  (-_-) }\
\{ 000800fc | lui    | /\ |  (-_-) | nop    |  (-_-) | nop    |  (-_-) }/
/{#00080100 |#lui    | -- | lui    |  (-_-) | addi   |  (-_-) | addi   }\
\{#00080104 |#addi   | -- | nop    |  (-_-) | nop    |  (-_-) | nop    }/
/{ 00080100 | lui    | \/ |  (-_-) | lui    |  (-_-) | addi   |  (-_-) }\
\{ 00080104 | addi   | /\ |  (-_-) | nop    |  (-_-) | nop    |  (-_-) }/
/{#00080108 |#add    | -- | addi   |  (-_-) | lui    |  (-_-) | addi   }\
\{#0008010c |#addi   | -- | nop    |  (-_-) | nop    |  (-_-) | nop    }/
/{ 00080108 | add    | \/ |  (-_-) | addi   |  (-_-) | lui    |  (-_-) }\
\{ 0008010c | addi   | /\ |  (-_-) | nop    |  (-_-) | nop    |  (-_-) }/
/{#00080110 |#lui    | -- | addi   |  (-_-) | addi   |  (-_-) | lui    }\
\{#00080114 |#addi   | -- | nop    |  (-_-) | nop    |  (-_-) | nop    }/
/{ 00080110 | lui    | \/ |  (-_-) | addi   |  (-_-) | addi   |  (-_-) }\
\{ 00080114 | addi   | /\ |  (-_-) | nop    |  (-_-) | nop    |  (-_-) }/
/{#00080118 |#bne    | -- | addi   |  (-_-) | addi   |  (-_-) | addi   }\
\{#0008011c |#lui    | -- | nop    |  (-_-) | nop    |  (-_-) | nop    }/
/{ 00080118 | bne    | \/ |  (-_-) | addi   |  (-_-) | addi   |  (-_-) }\
\{ 0008011c | lui    | /\ |  (-_-) | nop    |  (-_-) | nop    |  (-_-) }/
/{#00080120 |#addi   | -- | lui    |  (-_-) | addi   |  (-_-) | addi   }\
\{#00080124 |#lui    | -- | nop    |  (-_-) | nop    |  (-_-) | nop    }/
/{ 00080120 | addi   | \/ |  (-_-) | lui    |  (-_-) | addi   |  (-_-) }\
\{ 00080124 | lui    | /\ |  (-_-) | nop    |  (-_-) | nop    |  (-_-) }/
/{#00080128 |#add    | -- | lui    |  (-_-) | lui    |  (-_-) | addi   }\
\{#0008012c |#addi   | -- | nop    |  (-_-) | nop    |  (-_-) | nop    }/
/{ 00080128 | add    | \/ |  (-_-) | lui    |  (-_-) | lui    |  (-_-) }\
\{ 0008012c | addi   | /\ |  (-_-) | nop    |  (-_-) | nop    |  (-_-) }/
/{#00080130 |#lui    | -- | addi   |  (-_-) | lui    |  (-_-) | lui    }\
\{#00080134 |#addi   | -- | nop    |  (-_-) | nop    |  (-_-) | nop    }/
/{ 00080130 | lui    | \/ |  (-_-) | addi   |  (-_-) | lui    |  (-_-) }\
\{ 00080134 | addi   | /\ |  (-_-) | nop    |  (-_-) | nop    |  (-_-) }/
/{#00080138 |#bne    | -- | addi   |  (-_-) | addi   |  (-_-) | lui    }\
\{#0008013c |#addi   | -- | nop    |  (-_-) | nop    |  (-_-) | nop    }/
/{ 00080138 | bne    | \/ |  (-_-) | addi   |  (-_-) | addi   |  (-_-) }\
\{ 0008013c | addi   | /\ |  (-_-) | nop    |  (-_-) | nop    |  (-_-) }/
/{#00080140 |#addi   | -- | addi   |  (-_-) | addi   |  (-_-) | addi   }\
\{#00080144 |#add    | -- | nop    |  (-_-) | nop    |  (-_-) | nop    }/
/{ 00080140 | addi   | \/ |  (-_-) | addi   |  (-_-) | addi   |  (-_-) }\
\{ 00080144 | add    | /\ |  (-_-) | nop    |  (-_-) | nop    |  (-_-) }/
/{#00080148 |#addi   | -- | add    |  (-_-) | addi   |  (-_-) | addi   }\
\{#0008014c |#addi   | -- | nop    |  (-_-) | nop    |  (-_-) | nop    }/
/{ 00080148 | addi   | \/ |  (-_-) | add    |  (-_-) | addi   |  (-_-) }\
\{ 0008014c | addi   | /\ |  (-_-) | nop    |  (-_-) | nop    |  (-_-) }/
/{#00080150 |#bne    | -- | addi   |  (-_-) | add    |  (-_-) | addi   }\
\{#00080154 |#addi   | -- | nop    |  (-_-) | nop    |  (-_-) | nop    }/
/{ 00080150 | bne    | \/ |  (-_-) | addi   |  (-_-) | add    |  (-_-) }\
\{ 00080154 | addi   | /\ |  (-_-) | nop    |  (-_-) | nop    |  (-_-) }/
/{#00080158 |#addi   | -- | addi   |  (-_-) | addi   |  (-_-) | add    }\
\{#0008015c |#add    | -- | nop    |  (-_-) | nop    |  (-_-) | nop    }/
/{ 00080158 | addi   | \/ |  (-_-) | addi   |  (-_-) | addi   |  (-_-) }\
\{ 0008015c | add    | /\ |  (-_-) | nop    |  (-_-) | nop    |  (-_-) }/
/{#00080160 |#addi   | -- | add    |  (-_-) | addi   |  (-_-) | addi   }\
\{#00080164 |#addi   | -- | nop    |  (-_-) | nop    |  (-_-) | nop    }/
/{ 00080160 | addi   | \/ |  (-_-) | add    |  (-_-) | addi   |  (-_-) }\
\{ 00080164 | addi   | /\ |  (-_-) | nop    |  (-_-) | nop    |  (-_-) }/
/{#00080168 |#bne    | -- | addi   |  (-_-) | add    |  (-_-) | addi   }\
\{#0008016c |#addi   | -- | nop    |  (-_-) | nop    |  (-_-) | nop    }/
/{ 00080168 | bne    | \/ |  (-_-) | addi   |  (-_-) | add    |  (-_-) }\
\{ 0008016c | addi   | /\ |  (-_-) | nop    |  (-_-) | nop    |  (-_-) }/
/{#00080170 |#addi   | -- | addi   |  (-_-) | addi   |  (-_-) | add    }\
\{#00080174 |#add    | -- | nop    |  (-_-) | nop    |  (-_-) | nop    }/
/{ 00080170 | addi   | \/ |  (-_-) | addi   |  (-_-) | addi   |  (-_-) }\
\{ 00080174 | add    | /\ |  (-_-) | nop    |  (-_-) | nop    |  (-_-) }/
/{#00080178 |#addi   | -- | add    |  (-_-) | addi   |  (-_-) | addi   }\
\{#0008017c |#addi   | -- | nop    |  (-_-) | nop    |  (-_-) | nop    }/
/{ 00080178 | addi   | \/ |  (-_-) | add    |  (-_-) | addi   |  (-_-) }\
\{ 0008017c | addi   | /\ |  (-_-) | nop    |  (-_-) | nop    |  (-_-) }/
/{#00080180 |#bne    | -- | addi   |  (-_-) | add    |  (-_-) | addi   }\
\{#00080184 |#addi   | -- | nop    |  (-_-) | nop    |  (-_-) | nop    }/
/{ 00080180 | bne    | \/ |  (-_-) | addi   |  (-_-) | add    |  (-_-) }\
\{ 00080184 | addi   | /\ |  (-_-) | nop    |  (-_-) | nop    |  (-_-) }/
/{#00080188 |#addi   | -- | addi   |  (-_-) | addi   |  (-_-) | add    }\
\{#0008018c |#add    | -- | nop    |  (-_-) | nop    |  (-_-) | nop    }/
/{ 00080188 | addi   | \/ |  (-_-) | addi   |  (-_-) | addi   |  (-_-) }\
\{ 0008018c | add    | /\ |  (-_-) | nop    |  (-_-) | nop    |  (-_-) }/
/{#00080190 |#addi   | -- | add    |  (-_-) | addi   |  (-_-) | addi   }\
\{#00080194 |#addi   | -- | nop    |  (-_-) | nop    |  (-_-) | nop    }/
/{ 00080190 | addi   | \/ |  (-_-) | add    |  (-_-) | addi   |  (-_-) }\
\{ 00080194 | addi   | /\ |  (-_-) | nop    |  (-_-) | nop    |  (-_-) }/
/{#00080198 |#bne    | -- | addi   |  (-_-) | add    |  (-_-) | addi   }\
\{#0008019c |#addi   | -- | nop    |  (-_-) | nop    |  (-_-) | nop    }/
/{ 00080198 | bne    | \/ |  (-_-) | addi   |  (-_-) | add    |  (-_-) }\
\{ 0008019c | addi   | /\ |  (-_-) | nop    |  (-_-) | nop    |  (-_-) }/
/{#000801a0 |#addi   | -- | addi   |  (-_-) | addi   |  (-_-) | add    }\
\{#000801a4 |#add    | -- | nop    |  (-_-) | nop    |  (-_-) | nop    }/
/{ 000801a0 | addi   | \/ |  (-_-) | addi   |  (-_-) | addi   |  (-_-) }\
\{ 000801a4 | add    | /\ |  (-_-) | nop    |  (-_-) | nop    |  (-_-) }/
/{#000801a8 |#addi   | -- | add    |  (-_-) | addi   |  (-_-) | addi   }\
\{#000801ac |#addi   | -- | nop    |  (-_-) | nop    |  (-_-) | nop    }/
/{ 000801a8 | addi   | \/ |  (-_-) | add    |  (-_-) | addi   |  (-_-) }\
\{ 000801ac | addi   | /\ |  (-_-) | nop    |  (-_-) | nop    |  (-_-) }/
/{#000801b0 |#bne    | -- | addi   |  (-_-) | add    |  (-_-) | addi   }\
\{#000801b4 |#addi   | -- | nop    |  (-_-) | nop    |  (-_-) | nop    }/
/{ 000801b0 | bne    | \/ |  (-_-) | addi   |  (-_-) | add    |  (-_-) }\
\{ 000801b4 | addi   | /\ |  (-_-) | nop    |  (-_-) | nop    |  (-_-) }/
/{#000801b8 |#add    | -- | addi   |  (-_-) | addi   |  (-_-) | add    }\
\{#000801bc |#addi   | -- | nop    |  (-_-) | nop    |  (-_-) | nop    }/
/{ 000801b8 | add    | \/ |  (-_-) | addi   |  (-_-) | addi   |  (-_-) }\
\{ 000801bc | addi   | /\ |  (-_-) | nop    |  (-_-) | nop    |  (-_-) }/
/{#000801c0 |#addi   | -- | addi   |  (-_-) | addi   |  (-_-) | addi   }\
\{#000801c4 |#bne    | -- | nop    |  (-_-) | nop    |  (-_-) | nop    }/
/{ 000801c0 | addi   | \/ |  (-_-) | addi   |  (-_-) | addi   |  (-_-) }\
\{ 000801c4 | bne    | /\ |  (-_-) | nop    |  (-_-) | nop    |  (-_-) }/
/{-000801c8-|-addi  -| -- | bne    |  (-_-) | addi   |  (-_-) | addi   }\
\{-000801cc-|-add   -| -- | nop    |  (-_-) | nop    |  (-_-) | nop    }/
/{ 00080398 |  (-_-) | -- |  (-_-) | bne    |  (-_-) | addi   |  (-_-) }\
\{ 0008039c |  (-_-) | -- |  (-_-) | nop    |  (-_-) | nop    |  (-_-) }/
/{#000803a0 |#addi   | -- |  (-_-) |  (-_-) | bne    |  (-_-) | addi   }\
\{#000803a4 |#csrw   | -- |  (-_-) |  (-_-) | nop    |  (-_-) | nop    }/
/{ 000803a0 | addi   | \/ |  (-_-) |  (-_-) |  (-_-) | bne    |  (-_-) }\
\{ 000803a4 | csrw   | /\ |  (-_-) |  (-_-) |  (-_-) | nop    |  (-_-) }/
/{#000803a8 |#bne    | -- | csrw   |  (-_-) |  (-_-) |  (-_-) | bne    }\
\{#000803ac |#nop    | -- | nop    |  (-_-) |  (-_-) |  (-_-) | nop    }/
/{ 000803a8 | bne    | \/ |  (-_-) | csrw   |  (-_-) |  (-_-) |  (-_-) }\
\{ 000803ac | nop    | /\ |  (-_-) | nop    |  (-_-) |  (-_-) |  (-_-) }/
/{#000803b0 |#nop    | -- | nop    |  (-_-) | csrw   |  (-_-) |  (-_-) }\
\{#000803b4 |#nop    | -- | nop    |  (-_-) | nop    |  (-_-) |  (-_-) }/
/{ 000803b0 | nop    | \/ |  (-_-) | nop    |  (-_-) | csrw   |  (-_-) }\
\{ 000803b4 | nop    | /\ |  (-_-) | nop    |  (-_-) | nop    |  (-_-) }/
/{#000803b8 |#nop    | -- | nop    |  (-_-) | nop    |  (-_-) | csrw   }\
\{#000803bc |#nop    | -- | nop    |  (-_-) | nop    |  (-_-) | nop    }/
*** FAILED *** (status =         38)
/{ 000803b8 | nop    | \/ |  (-_-) | nop    |  (-_-) | nop    |  (-_-) }\
\{ 000803bc | nop    | /\ |  (-_-) | nop    |  (-_-) | nop    |  (-_-) }/
/{#000803c0 |