WARNING: ../riscvdualfetch/riscvdualfetch-sim.v:183: $readmemh: The behaviour for reg[...] mem[N:0]; $readmemh("...", mem); changed in the 1364-2005 standard. To avoid ambiguity, use mem[0:N] or explicit range parameters $readmemh("...", mem, start, stop);. Defaulting to 1364-2005 behavior.
/{ xxxxxxxx |        | -- |        |        |        |        |        }\
\{ xxxxxxxx |        | -- |        |        |        |        |        }/
/{ xxxxxxxx |        | -- |        |        |        |        |        }\
\{ xxxxxxxx |        | -- |        |        |        |        |        }/
/{ xxxxxxxx |        | -- |        |        |        |        |        }\
\{ xxxxxxxx |        | -- |        |        |        |        |        }/
/{ 00080000 |  (-_-) | -- |  (-_-) |  (-_-) |  (-_-) |  (-_-) |  (-_-) }\
\{ 00080004 |  (-_-) | -- |  (-_-) |  (-_-) |  (-_-) |  (-_-) |  (-_-) }/
/{ 00080000 |  (-_-) | -- |  (-_-) |  (-_-) |  (-_-) |  (-_-) |  (-_-) }\
\{ 00080004 |  (-_-) | -- |  (-_-) |  (-_-) |  (-_-) |  (-_-) |  (-_-) }/
/{#00080008 |#addi   | -- |  (-_-) |  (-_-) |  (-_-) |  (-_-) |  (-_-) }\
\{#0008000c |#addi   | -- |  (-_-) |  (-_-) |  (-_-) |  (-_-) |  (-_-) }/
/{ 00080008 | addi   | \/ |  (-_-) |  (-_-) |  (-_-) |  (-_-) |  (-_-) }\
\{ 0008000c | addi   | /\ |  (-_-) |  (-_-) |  (-_-) |  (-_-) |  (-_-) }/
/{#00080010 |#bne    | -- | addi   |  (-_-) |  (-_-) |  (-_-) |  (-_-) }\
\{#00080014 |#addi   | -- | nop    |  (-_-) |  (-_-) |  (-_-) |  (-_-) }/
/{ 00080010 | bne    | \/ |  (-_-) | addi   |  (-_-) |  (-_-) |  (-_-) }\
\{ 00080014 | addi   | /\ |  (-_-) | nop    |  (-_-) |  (-_-) |  (-_-) }/
/{#00080018 |#bne    | -- | addi   |  (-_-) | addi   |  (-_-) |  (-_-) }\
\{#0008001c |#addi   | -- | nop    |  (-_-) | nop    |  (-_-) |  (-_-) }/
/{ 00080018 | bne    | \/ |  (-_-) | addi   |  (-_-) | addi   |  (-_-) }\
\{ 0008001c | addi   | /\ |  (-_-) | nop    |  (-_-) | nop    |  (-_-) }/
/{#00080020 |#bne    | -- | addi   |  (-_-) | addi   |  (-_-) | addi   }\
\{#00080024 |#bne    | -- | nop    |  (-_-) | nop    |  (-_-) | nop    }/
/{ 00080020 | bne    | \/ |  (-_-) | addi   |  (-_-) | addi   |  (-_-) }\
\{ 00080024 | bne    | /\ |  (-_-) | nop    |  (-_-) | nop    |  (-_-) }/
/{#00080028 |#addi   | -- | bne    |  (-_-) | addi   |  (-_-) | addi   }\
\{#0008002c |#bne    | -- | nop    |  (-_-) | nop    |  (-_-) | nop    }/
/{ 00080028 | addi   | \/ |  (-_-) | bne    |  (-_-) | addi   |  (-_-) }\
\{ 0008002c | bne    | /\ |  (-_-) | nop    |  (-_-) | nop    |  (-_-) }/
/{-00080030-|-addi  -| -- | bne    |  (-_-) | bne    |  (-_-) | addi   }\
\{-00080034-|-addi  -| -- | nop    |  (-_-) | nop    |  (-_-) | nop    }/
/{ 000802c0 |  (-_-) | -- |  (-_-) | bne    |  (-_-) | bne    |  (-_-) }\
\{ 000802c4 |  (-_-) | -- |  (-_-) | nop    |  (-_-) | nop    |  (-_-) }/
/{#000802c8 |#addi   | -- |  (-_-) |  (-_-) | bne    |  (-_-) | bne    }\
\{#000802cc |#csrw   | -- |  (-_-) |  (-_-) | nop    |  (-_-) | nop    }/
/{ 000802c8 | addi   | \/ |  (-_-) |  (-_-) |  (-_-) | bne    |  (-_-) }\
\{ 000802cc | csrw   | /\ |  (-_-) |  (-_-) |  (-_-) | nop    |  (-_-) }/
/{#000802d0 |#bne    | -- | csrw   |  (-_-) |  (-_-) |  (-_-) | bne    }\
\{#000802d4 |#nop    | -- | nop    |  (-_-) |  (-_-) |  (-_-) | nop    }/
/{ 000802d0 | bne    | \/ |  (-_-) | csrw   |  (-_-) |  (-_-) |  (-_-) }\
\{ 000802d4 | nop    | /\ |  (-_-) | nop    |  (-_-) |  (-_-) |  (-_-) }/
/{#000802d8 |#nop    | -- | nop    |  (-_-) | csrw   |  (-_-) |  (-_-) }\
\{#000802dc |#nop    | -- | nop    |  (-_-) | nop    |  (-_-) |  (-_-) }/
/{ 000802d8 | nop    | \/ |  (-_-) | nop    |  (-_-) | csrw   |  (-_-) }\
\{ 000802dc | nop    | /\ |  (-_-) | nop    |  (-_-) | nop    |  (-_-) }/
/{#000802e0 |#nop    | -- | nop    |  (-_-) | nop    |  (-_-) | csrw   }\
\{#000802e4 |#nop    | -- | nop    |  (-_-) | nop    |  (-_-) | nop    }/
*** FAILED *** (status =         13)
/{ 000802e0 | nop    | \/ |  (-_-) | nop    |  (-_-) | nop    |  (-_-) }\
\{ 000802e4 | nop    | /\ |  (-_-) | nop    |  (-_-) | nop    |  (-_-) }/
/{#000802e8 |